<?xml version="1.0" encoding="utf-8"?>
<TestRun id="ccf6906b-5aed-4e63-8b5d-375bbb4cda35" name="@sirius 2026-05-18 05:50:24" xmlns="http://microsoft.com/schemas/VisualStudio/TeamTest/2010">
  <Times creation="2026-05-18T05:50:24.9641821+02:00" queuing="2026-05-18T05:50:24.9641821+02:00" start="2026-05-18T05:50:24.4563224+02:00" finish="2026-05-18T05:50:24.9993303+02:00" />
  <TestSettings name="default" id="66f5cb87-69e5-4caf-95a6-56c7bbd7863d">
    <Deployment runDeploymentRoot="_sirius_2026-05-18_05_50_24" />
  </TestSettings>
  <Results>
    <UnitTestResult executionId="bb36e581-51a3-42ce-8714-3fe04f111d3d" testId="e6c3d50e-78ba-6d57-1b05-e76cb65d770d" testName="CoreForms.Ui.Tests.ControlTests.Form_Tab_ShouldNavigateWithinSingleTabPage" computerName="sirius" duration="00:00:00.0002236" startTime="2026-05-18T05:50:24.9335816+02:00" endTime="2026-05-18T05:50:24.9335817+02:00" testType="13cdc9d9-ddb5-4fa4-a97d-d965ccfc6d4b" outcome="Passed" testListId="8c84fa94-04c1-424b-9868-57a2d4851a1d" relativeResultsDirectory="bb36e581-51a3-42ce-8714-3fe04f111d3d" />
    <UnitTestResult executionId="8f7231b7-b7f5-4af3-a497-5dc7b91a425a" testId="f037ddd8-b061-0a34-673f-c19d2590b154" testName="CoreForms.Ui.Tests.SpinnerTests.Spinner_SpinnerRadius_ShouldClampToMinimum" computerName="sirius" duration="00:00:00.0001552" startTime="2026-05-18T05:50:24.9218775+02:00" endTime="2026-05-18T05:50:24.9218775+02:00" testType="13cdc9d9-ddb5-4fa4-a97d-d965ccfc6d4b" outcome="Passed" testListId="8c84fa94-04c1-424b-9868-57a2d4851a1d" relativeResultsDirectory="8f7231b7-b7f5-4af3-a497-5dc7b91a425a" />
    <UnitTestResult executionId="3e5167b7-e280-46e3-a712-2a39b063c8da" testId="a2ceff97-d0c0-dcda-2db0-045e49f94485" testName="CoreForms.Ui.Tests.ControlTests.Control_SetBounds_ShouldTriggerEvent" computerName="sirius" duration="00:00:00.0002551" startTime="2026-05-18T05:50:24.9398841+02:00" endTime="2026-05-18T05:50:24.9398841+02:00" testType="13cdc9d9-ddb5-4fa4-a97d-d965ccfc6d4b" outcome="Passed" testListId="8c84fa94-04c1-424b-9868-57a2d4851a1d" relativeResultsDirectory="3e5167b7-e280-46e3-a712-2a39b063c8da" />
    <UnitTestResult executionId="8a52f994-b518-4cc7-8e57-40add6b5a7cb" testId="54ed23f5-0d1a-bd55-da38-f7a83d58bb99" testName="CoreForms.Ui.Tests.ControlTests.ContainerControl_MouseDispatch_ShouldReachDeeplyNestedChild" computerName="sirius" duration="00:00:00.0002801" startTime="2026-05-18T05:50:24.9390979+02:00" endTime="2026-05-18T05:50:24.9390980+02:00" testType="13cdc9d9-ddb5-4fa4-a97d-d965ccfc6d4b" outcome="Passed" testListId="8c84fa94-04c1-424b-9868-57a2d4851a1d" relativeResultsDirectory="8a52f994-b518-4cc7-8e57-40add6b5a7cb" />
    <UnitTestResult executionId="ed2c587c-f133-459e-a71e-f8c11cdfd78e" testId="5062639f-feee-7c14-7459-26212ba492af" testName="CoreForms.Ui.Tests.DockAndAnchorTests.Dock_None_ShouldNotChangePosition" computerName="sirius" duration="00:00:00.0001164" startTime="2026-05-18T05:50:24.9293424+02:00" endTime="2026-05-18T05:50:24.9293428+02:00" testType="13cdc9d9-ddb5-4fa4-a97d-d965ccfc6d4b" outcome="Passed" testListId="8c84fa94-04c1-424b-9868-57a2d4851a1d" relativeResultsDirectory="ed2c587c-f133-459e-a71e-f8c11cdfd78e" />
    <UnitTestResult executionId="4053bfbb-e20a-4341-86ef-e3d0f1b6e818" testId="f736debb-6a38-1446-fe12-21aa7f598f02" testName="CoreForms.Ui.Tests.DockAndAnchorTests.Dock_Fill_WithPadding_ShouldFillInnerArea" computerName="sirius" duration="00:00:00.0002393" startTime="2026-05-18T05:50:24.9236133+02:00" endTime="2026-05-18T05:50:24.9236133+02:00" testType="13cdc9d9-ddb5-4fa4-a97d-d965ccfc6d4b" outcome="Passed" testListId="8c84fa94-04c1-424b-9868-57a2d4851a1d" relativeResultsDirectory="4053bfbb-e20a-4341-86ef-e3d0f1b6e818" />
    <UnitTestResult executionId="6037c834-6068-4b01-b586-feec1dc9c6f6" testId="083ac459-8ad3-2f13-a121-ec13e7bac6df" testName="CoreForms.Ui.Tests.SpinnerTests.Spinner_ActiveReset_ShouldRestartAnimation" computerName="sirius" duration="00:00:00.0000876" startTime="2026-05-18T05:50:24.9219066+02:00" endTime="2026-05-18T05:50:24.9219066+02:00" testType="13cdc9d9-ddb5-4fa4-a97d-d965ccfc6d4b" outcome="Passed" testListId="8c84fa94-04c1-424b-9868-57a2d4851a1d" relativeResultsDirectory="6037c834-6068-4b01-b586-feec1dc9c6f6" />
    <UnitTestResult executionId="3a685c16-933a-4201-a148-bc7e9f042bd6" testId="28d86189-4c03-8d16-d62f-1757623d32f7" testName="CoreForms.Ui.Tests.DockAndAnchorTests.Dock_Bottom_ShouldFillBottomEdge" computerName="sirius" duration="00:00:00.0001832" startTime="2026-05-18T05:50:24.9240438+02:00" endTime="2026-05-18T05:50:24.9240438+02:00" testType="13cdc9d9-ddb5-4fa4-a97d-d965ccfc6d4b" outcome="Passed" testListId="8c84fa94-04c1-424b-9868-57a2d4851a1d" relativeResultsDirectory="3a685c16-933a-4201-a148-bc7e9f042bd6" />
    <UnitTestResult executionId="703c52d6-0057-4c5b-bb2c-69afbac1be99" testId="f5677191-83de-dda6-91cd-75689e3230d9" testName="CoreForms.Ui.Tests.ControlTests.RadioButton_OnMouseUp_ShouldSetChecked" computerName="sirius" duration="00:00:00.0001097" startTime="2026-05-18T05:50:24.9386913+02:00" endTime="2026-05-18T05:50:24.9386914+02:00" testType="13cdc9d9-ddb5-4fa4-a97d-d965ccfc6d4b" outcome="Passed" testListId="8c84fa94-04c1-424b-9868-57a2d4851a1d" relativeResultsDirectory="703c52d6-0057-4c5b-bb2c-69afbac1be99" />
    <UnitTestResult executionId="f8c8162f-1d57-4998-aeea-8dbb25cd2756" testId="e19eec14-a61d-1eb3-43ad-90ee8a88daaf" testName="CoreForms.Ui.Tests.ControlTests.ListBox_OnKeyDown_Home_ShouldMoveToFirst" computerName="sirius" duration="00:00:00.0002423" startTime="2026-05-18T05:50:24.9373381+02:00" endTime="2026-05-18T05:50:24.9373381+02:00" testType="13cdc9d9-ddb5-4fa4-a97d-d965ccfc6d4b" outcome="Passed" testListId="8c84fa94-04c1-424b-9868-57a2d4851a1d" relativeResultsDirectory="f8c8162f-1d57-4998-aeea-8dbb25cd2756" />
    <UnitTestResult executionId="4a7e81b0-45c8-4f71-a079-0b9c5c462ed1" testId="a288b32b-5f4e-6b43-8834-c488a9a605b9" testName="CoreForms.Ui.Tests.DataBindingTests.ComboBox_ListChanged_SyncsItems" computerName="sirius" duration="00:00:00.0006013" startTime="2026-05-18T05:50:24.9304047+02:00" endTime="2026-05-18T05:50:24.9304048+02:00" testType="13cdc9d9-ddb5-4fa4-a97d-d965ccfc6d4b" outcome="Passed" testListId="8c84fa94-04c1-424b-9868-57a2d4851a1d" relativeResultsDirectory="4a7e81b0-45c8-4f71-a079-0b9c5c462ed1" />
    <UnitTestResult executionId="90606a26-03d9-4927-a30e-661d3c62f5b2" testId="b9817fb5-576f-a1bf-2d38-124222947cb8" testName="CoreForms.Ui.Tests.ControlTests.TabControl_OnKeyDown_Left_ShouldSwitchTab" computerName="sirius" duration="00:00:00.0001086" startTime="2026-05-18T05:50:24.9333338+02:00" endTime="2026-05-18T05:50:24.9333338+02:00" testType="13cdc9d9-ddb5-4fa4-a97d-d965ccfc6d4b" outcome="Passed" testListId="8c84fa94-04c1-424b-9868-57a2d4851a1d" relativeResultsDirectory="90606a26-03d9-4927-a30e-661d3c62f5b2" />
    <UnitTestResult executionId="da43dd2d-76f9-486b-82d1-dace73f9cef4" testId="d7c35351-25dc-3eb0-e654-82c5cabe9468" testName="CoreForms.Ui.Tests.DockAndAnchorTests.Anchor_TopRight_ShouldMoveWithRightEdge" computerName="sirius" duration="00:00:00.0001116" startTime="2026-05-18T05:50:24.9246214+02:00" endTime="2026-05-18T05:50:24.9246214+02:00" testType="13cdc9d9-ddb5-4fa4-a97d-d965ccfc6d4b" outcome="Passed" testListId="8c84fa94-04c1-424b-9868-57a2d4851a1d" relativeResultsDirectory="da43dd2d-76f9-486b-82d1-dace73f9cef4" />
    <UnitTestResult executionId="35c68068-b6dc-4cce-9196-361ba1b1ef5d" testId="6461e0b1-01f6-0932-d5ba-52a157198aa0" testName="CoreForms.Ui.Tests.ControlTests.ListBox_Items_ShouldWork" computerName="sirius" duration="00:00:00.0002331" startTime="2026-05-18T05:50:24.9235910+02:00" endTime="2026-05-18T05:50:24.9235910+02:00" testType="13cdc9d9-ddb5-4fa4-a97d-d965ccfc6d4b" outcome="Passed" testListId="8c84fa94-04c1-424b-9868-57a2d4851a1d" relativeResultsDirectory="35c68068-b6dc-4cce-9196-361ba1b1ef5d" />
    <UnitTestResult executionId="6eca896a-86a5-4aad-8b4f-0a08cf4f0420" testId="f376a278-8ad1-5e9a-fdbd-2973c24ace19" testName="CoreForms.Ui.Tests.DataBindingTests.Control_PropertyChanged_FiresOnTextChange" computerName="sirius" duration="00:00:00.0002350" startTime="2026-05-18T05:50:24.9307817+02:00" endTime="2026-05-18T05:50:24.9307817+02:00" testType="13cdc9d9-ddb5-4fa4-a97d-d965ccfc6d4b" outcome="Passed" testListId="8c84fa94-04c1-424b-9868-57a2d4851a1d" relativeResultsDirectory="6eca896a-86a5-4aad-8b4f-0a08cf4f0420" />
    <UnitTestResult executionId="69624b8a-63c8-4dac-819a-82fa87320e48" testId="ef2f43f0-b92a-752c-6903-d93ce06d2a42" testName="CoreForms.Ui.Tests.DockAndAnchorTests.Dock_SuspendLayout_Resize_ShouldWork" computerName="sirius" duration="00:00:00.0001154" startTime="2026-05-18T05:50:24.9296963+02:00" endTime="2026-05-18T05:50:24.9296963+02:00" testType="13cdc9d9-ddb5-4fa4-a97d-d965ccfc6d4b" outcome="Passed" testListId="8c84fa94-04c1-424b-9868-57a2d4851a1d" relativeResultsDirectory="69624b8a-63c8-4dac-819a-82fa87320e48" />
    <UnitTestResult executionId="54d0fd08-5cfa-4ed8-9f63-bf44b6d1b94c" testId="ad02fc1c-38a9-0668-e846-0ed28ccf87d8" testName="CoreForms.Ui.Tests.ControlTests.DataGridView_OnKeyDown_Up_ShouldMoveSelection" computerName="sirius" duration="00:00:00.0001429" startTime="2026-05-18T05:50:24.9361151+02:00" endTime="2026-05-18T05:50:24.9361152+02:00" testType="13cdc9d9-ddb5-4fa4-a97d-d965ccfc6d4b" outcome="Passed" testListId="8c84fa94-04c1-424b-9868-57a2d4851a1d" relativeResultsDirectory="54d0fd08-5cfa-4ed8-9f63-bf44b6d1b94c" />
    <UnitTestResult executionId="67f74bba-8161-4819-b872-9f31d08aca00" testId="fe397b1c-6333-afe5-2c40-9fb289a4b957" testName="CoreForms.Ui.Tests.ControlTests.Form_ShiftTab_ShouldMoveFocusToPreviousControl" computerName="sirius" duration="00:00:00.0001121" startTime="2026-05-18T05:50:24.9328573+02:00" endTime="2026-05-18T05:50:24.9328573+02:00" testType="13cdc9d9-ddb5-4fa4-a97d-d965ccfc6d4b" outcome="Passed" testListId="8c84fa94-04c1-424b-9868-57a2d4851a1d" relativeResultsDirectory="67f74bba-8161-4819-b872-9f31d08aca00" />
    <UnitTestResult executionId="c103e942-5f8d-4b41-94cc-283b6b244f04" testId="1d4228d9-c6af-10a4-5db3-c133af3aee67" testName="CoreForms.Ui.Tests.ControlTests.RadioButton_Checked_ShouldAffectGroup" computerName="sirius" duration="00:00:00.0003832" startTime="2026-05-18T05:50:24.9377477+02:00" endTime="2026-05-18T05:50:24.9377477+02:00" testType="13cdc9d9-ddb5-4fa4-a97d-d965ccfc6d4b" outcome="Passed" testListId="8c84fa94-04c1-424b-9868-57a2d4851a1d" relativeResultsDirectory="c103e942-5f8d-4b41-94cc-283b6b244f04" />
    <UnitTestResult executionId="9e990447-3228-4484-a7a5-e2858de4932c" testId="d2af9652-265a-83cd-4f81-3c89ad0e50b9" testName="CoreForms.Ui.Tests.DataBindingTests.ControlBindingsCollection_ClearRemovesAll" computerName="sirius" duration="00:00:00.0005328" startTime="2026-05-18T05:50:24.9303595+02:00" endTime="2026-05-18T05:50:24.9303596+02:00" testType="13cdc9d9-ddb5-4fa4-a97d-d965ccfc6d4b" outcome="Passed" testListId="8c84fa94-04c1-424b-9868-57a2d4851a1d" relativeResultsDirectory="9e990447-3228-4484-a7a5-e2858de4932c" />
    <UnitTestResult executionId="38e8d020-b443-44bd-8842-2220d102c0cf" testId="70686682-13d0-0003-ac85-c5d5e15a3b1e" testName="CoreForms.Ui.Tests.SpinnerTests.Spinner_AnimationInterval_ShouldClampToMinimum" computerName="sirius" duration="00:00:00.0001414" startTime="2026-05-18T05:50:24.9218359+02:00" endTime="2026-05-18T05:50:24.9218359+02:00" testType="13cdc9d9-ddb5-4fa4-a97d-d965ccfc6d4b" outcome="Passed" testListId="8c84fa94-04c1-424b-9868-57a2d4851a1d" relativeResultsDirectory="38e8d020-b443-44bd-8842-2220d102c0cf" />
    <UnitTestResult executionId="0201533c-528a-476f-bb31-b638749ea108" testId="4aeaafa0-8e4d-c902-343c-f1342481f59d" testName="CoreForms.Ui.Tests.DataBindingTests.CurrencyManager_PositionInitializesCorrectly" computerName="sirius" duration="00:00:00.0001841" startTime="2026-05-18T05:50:24.9315978+02:00" endTime="2026-05-18T05:50:24.9315979+02:00" testType="13cdc9d9-ddb5-4fa4-a97d-d965ccfc6d4b" outcome="Passed" testListId="8c84fa94-04c1-424b-9868-57a2d4851a1d" relativeResultsDirectory="0201533c-528a-476f-bb31-b638749ea108" />
    <UnitTestResult executionId="46cda70c-37a2-4d3e-8763-ae084fcd33cb" testId="9a82a30d-f014-eb07-fc12-6f0e890202b1" testName="CoreForms.Ui.Tests.DataBindingTests.CurrencyManager_MoveFirstAndLast" computerName="sirius" duration="00:00:00.0003169" startTime="2026-05-18T05:50:24.9307228+02:00" endTime="2026-05-18T05:50:24.9307229+02:00" testType="13cdc9d9-ddb5-4fa4-a97d-d965ccfc6d4b" outcome="Passed" testListId="8c84fa94-04c1-424b-9868-57a2d4851a1d" relativeResultsDirectory="46cda70c-37a2-4d3e-8763-ae084fcd33cb" />
    <UnitTestResult executionId="b9361e62-a4f0-4da5-9ca2-31476b97b202" testId="314bdcb5-cd3a-b3a3-9fa7-f82631edd717" testName="CoreForms.Ui.Tests.DockAndAnchorTests.Anchor_ManualMove_ShouldUpdateDistances" computerName="sirius" duration="00:00:00.0001229" startTime="2026-05-18T05:50:24.9245496+02:00" endTime="2026-05-18T05:50:24.9245496+02:00" testType="13cdc9d9-ddb5-4fa4-a97d-d965ccfc6d4b" outcome="Passed" testListId="8c84fa94-04c1-424b-9868-57a2d4851a1d" relativeResultsDirectory="b9361e62-a4f0-4da5-9ca2-31476b97b202" />
    <UnitTestResult executionId="9862fb0a-1ad7-4684-b2c4-25eadc3f69eb" testId="049d09ca-5269-520c-a4f9-a14170a55f1c" testName="CoreForms.Ui.Tests.SpinnerTests.Spinner_DefaultValues_ShouldBeCorrect" computerName="sirius" duration="00:00:00.0002154" startTime="2026-05-18T05:50:24.9215717+02:00" endTime="2026-05-18T05:50:24.9215719+02:00" testType="13cdc9d9-ddb5-4fa4-a97d-d965ccfc6d4b" outcome="Passed" testListId="8c84fa94-04c1-424b-9868-57a2d4851a1d" relativeResultsDirectory="9862fb0a-1ad7-4684-b2c4-25eadc3f69eb" />
    <UnitTestResult executionId="dbfcea8c-3c0f-4d6c-a548-b7e356cf0fde" testId="a9a1295f-3735-7d61-dbb3-2fc26ef8c1c6" testName="CoreForms.Ui.Tests.DockAndAnchorTests.ClientRectangle_NoPadding_ShouldReturnBounds" computerName="sirius" duration="00:00:00.0000915" startTime="2026-05-18T05:50:24.9297133+02:00" endTime="2026-05-18T05:50:24.9297133+02:00" testType="13cdc9d9-ddb5-4fa4-a97d-d965ccfc6d4b" outcome="Passed" testListId="8c84fa94-04c1-424b-9868-57a2d4851a1d" relativeResultsDirectory="dbfcea8c-3c0f-4d6c-a548-b7e356cf0fde" />
    <UnitTestResult executionId="c783994b-4a42-47c5-8606-1a349fa38608" testId="ab5b3562-7c93-a25b-17b7-39bd071fdbd6" testName="CoreForms.Ui.Tests.DockAndAnchorTests.Anchor_TopLeft_Default_ShouldKeepPositionOnResize" computerName="sirius" duration="00:00:00.0001299" startTime="2026-05-18T05:50:24.9243541+02:00" endTime="2026-05-18T05:50:24.9243541+02:00" testType="13cdc9d9-ddb5-4fa4-a97d-d965ccfc6d4b" outcome="Passed" testListId="8c84fa94-04c1-424b-9868-57a2d4851a1d" relativeResultsDirectory="c783994b-4a42-47c5-8606-1a349fa38608" />
    <UnitTestResult executionId="cbfc02ff-d00a-452b-bc8a-82c1f2bdc4a5" testId="7dc797cd-10a0-eb67-f326-2b3cbe35e7e8" testName="CoreForms.Ui.Tests.ControlTests.ContainerControl_MouseDispatch_ShouldReachNestedChild" computerName="sirius" duration="00:00:00.0010225" startTime="2026-05-18T05:50:24.9324140+02:00" endTime="2026-05-18T05:50:24.9324140+02:00" testType="13cdc9d9-ddb5-4fa4-a97d-d965ccfc6d4b" outcome="Passed" testListId="8c84fa94-04c1-424b-9868-57a2d4851a1d" relativeResultsDirectory="cbfc02ff-d00a-452b-bc8a-82c1f2bdc4a5" />
    <UnitTestResult executionId="20e39863-0d7e-4478-aada-6d7058189a85" testId="2c12a396-0d22-a735-88b8-024ca542b7c8" testName="CoreForms.Ui.Tests.ControlTests.CheckBox_OnMouseUp_ShouldToggleChecked" computerName="sirius" duration="00:00:00.0002908" startTime="2026-05-18T05:50:24.9318838+02:00" endTime="2026-05-18T05:50:24.9318838+02:00" testType="13cdc9d9-ddb5-4fa4-a97d-d965ccfc6d4b" outcome="Passed" testListId="8c84fa94-04c1-424b-9868-57a2d4851a1d" relativeResultsDirectory="20e39863-0d7e-4478-aada-6d7058189a85" />
    <UnitTestResult executionId="776265c0-434c-4ba5-8d6e-608a4e06a4b8" testId="1eb3a93f-0ec0-a05e-0851-c481766949aa" testName="CoreForms.Ui.Tests.DataBindingTests.ListBox_Selection_UpdatesBindingSourcePosition" computerName="sirius" duration="00:00:00.0003005" startTime="2026-05-18T05:50:24.9308098+02:00" endTime="2026-05-18T05:50:24.9308099+02:00" testType="13cdc9d9-ddb5-4fa4-a97d-d965ccfc6d4b" outcome="Passed" testListId="8c84fa94-04c1-424b-9868-57a2d4851a1d" relativeResultsDirectory="776265c0-434c-4ba5-8d6e-608a4e06a4b8" />
    <UnitTestResult executionId="075e636a-f4a0-4cfe-9d65-e84f8c582af8" testId="0d9b13fd-e8f2-4891-6fff-6f7fb50f0842" testName="CoreForms.Ui.Tests.DataBindingTests.CurrencyManager_MovePrevious" computerName="sirius" duration="00:00:00.0001662" startTime="2026-05-18T05:50:24.9301051+02:00" endTime="2026-05-18T05:50:24.9301051+02:00" testType="13cdc9d9-ddb5-4fa4-a97d-d965ccfc6d4b" outcome="Passed" testListId="8c84fa94-04c1-424b-9868-57a2d4851a1d" relativeResultsDirectory="075e636a-f4a0-4cfe-9d65-e84f8c582af8" />
    <UnitTestResult executionId="f7c8e627-95e5-4afc-bcf3-13975c472038" testId="e712d5cb-f0b5-00b6-e035-ef8caa70edfd" testName="CoreForms.Ui.Tests.DockAndAnchorTests.ClientSize_WithPadding_ShouldReturnInnerSize" computerName="sirius" duration="00:00:00.0003092" startTime="2026-05-18T05:50:24.9240072+02:00" endTime="2026-05-18T05:50:24.9240073+02:00" testType="13cdc9d9-ddb5-4fa4-a97d-d965ccfc6d4b" outcome="Passed" testListId="8c84fa94-04c1-424b-9868-57a2d4851a1d" relativeResultsDirectory="f7c8e627-95e5-4afc-bcf3-13975c472038" />
    <UnitTestResult executionId="b3883903-cfc2-4955-a992-89f22720b968" testId="e4bb410d-1421-3fbf-70a9-75b5da738d53" testName="CoreForms.Ui.Tests.DataBindingTests.DataGridView_DataSource_PopulatesRows" computerName="sirius" duration="00:00:00.0024410" startTime="2026-05-18T05:50:24.9315672+02:00" endTime="2026-05-18T05:50:24.9315672+02:00" testType="13cdc9d9-ddb5-4fa4-a97d-d965ccfc6d4b" outcome="Passed" testListId="8c84fa94-04c1-424b-9868-57a2d4851a1d" relativeResultsDirectory="b3883903-cfc2-4955-a992-89f22720b968" />
    <UnitTestResult executionId="8175108f-148a-4692-b68b-55b3469c9dbf" testId="7673daee-58cc-1340-3327-9deb91b7aba4" testName="CoreForms.Ui.Tests.SpinnerTests.Spinner_DotCount_ShouldClampToMinimum" computerName="sirius" duration="00:00:00.0000809" startTime="2026-05-18T05:50:24.9218518+02:00" endTime="2026-05-18T05:50:24.9218519+02:00" testType="13cdc9d9-ddb5-4fa4-a97d-d965ccfc6d4b" outcome="Passed" testListId="8c84fa94-04c1-424b-9868-57a2d4851a1d" relativeResultsDirectory="8175108f-148a-4692-b68b-55b3469c9dbf" />
    <UnitTestResult executionId="03eb566e-2d35-457a-a385-bd3736672f83" testId="2904c750-da42-34e0-c21b-59572c7260cb" testName="CoreForms.Ui.Tests.DataBindingTests.ListBox_DisplayMember_ShowsProperty" computerName="sirius" duration="00:00:00.0001661" startTime="2026-05-18T05:50:24.9306042+02:00" endTime="2026-05-18T05:50:24.9306043+02:00" testType="13cdc9d9-ddb5-4fa4-a97d-d965ccfc6d4b" outcome="Passed" testListId="8c84fa94-04c1-424b-9868-57a2d4851a1d" relativeResultsDirectory="03eb566e-2d35-457a-a385-bd3736672f83" />
    <UnitTestResult executionId="f52ffe3a-3c0d-4e34-aa18-8344f613535d" testId="acda7dde-448c-5ddf-b8a6-4b6c4fb6eac9" testName="CoreForms.Ui.Tests.DockAndAnchorTests.Dock_Fill_ShouldFillEntireArea" computerName="sirius" duration="00:00:00.0001078" startTime="2026-05-18T05:50:24.9243212+02:00" endTime="2026-05-18T05:50:24.9243213+02:00" testType="13cdc9d9-ddb5-4fa4-a97d-d965ccfc6d4b" outcome="Passed" testListId="8c84fa94-04c1-424b-9868-57a2d4851a1d" relativeResultsDirectory="f52ffe3a-3c0d-4e34-aa18-8344f613535d" />
    <UnitTestResult executionId="eb78d457-ea6a-4b46-9466-7de71554f0b5" testId="a5364ccd-4d51-4c35-e17d-623355c5d340" testName="CoreForms.Ui.Tests.ControlTests.ContainerControl_KeyboardDispatch_ShouldReachActiveControl" computerName="sirius" duration="00:00:00.0002509" startTime="2026-05-18T05:50:24.9385551+02:00" endTime="2026-05-18T05:50:24.9385551+02:00" testType="13cdc9d9-ddb5-4fa4-a97d-d965ccfc6d4b" outcome="Passed" testListId="8c84fa94-04c1-424b-9868-57a2d4851a1d" relativeResultsDirectory="eb78d457-ea6a-4b46-9466-7de71554f0b5" />
    <UnitTestResult executionId="7f10fc60-0ac2-4ee1-9f10-f80f9063f938" testId="0b94c931-11fe-db9c-dcbe-2a9416c14f39" testName="CoreForms.Ui.Tests.ControlTests.ComboBox_OnKeyDown_Down_ShouldMoveSelection" computerName="sirius" duration="00:00:00.0001162" startTime="2026-05-18T05:50:24.9381297+02:00" endTime="2026-05-18T05:50:24.9381298+02:00" testType="13cdc9d9-ddb5-4fa4-a97d-d965ccfc6d4b" outcome="Passed" testListId="8c84fa94-04c1-424b-9868-57a2d4851a1d" relativeResultsDirectory="7f10fc60-0ac2-4ee1-9f10-f80f9063f938" />
    <UnitTestResult executionId="69a42837-ed0b-4055-ba04-f49f14e6628d" testId="fdc6d9fb-30a8-e37f-446d-0fa70ed32214" testName="CoreForms.Ui.Tests.ControlTests.TabControl_OnKeyDown_Right_ShouldSwitchTab" computerName="sirius" duration="00:00:00.0004763" startTime="2026-05-18T05:50:24.9319743+02:00" endTime="2026-05-18T05:50:24.9319743+02:00" testType="13cdc9d9-ddb5-4fa4-a97d-d965ccfc6d4b" outcome="Passed" testListId="8c84fa94-04c1-424b-9868-57a2d4851a1d" relativeResultsDirectory="69a42837-ed0b-4055-ba04-f49f14e6628d" />
    <UnitTestResult executionId="b0065a82-f6ec-4afa-912d-c41a54358f89" testId="eb09af34-511d-79e6-847c-6603d7968b36" testName="CoreForms.Ui.Tests.DataBindingTests.BindingList_Add_RaisesListChanged" computerName="sirius" duration="00:00:00.0002942" startTime="2026-05-18T05:50:24.9299391+02:00" endTime="2026-05-18T05:50:24.9299391+02:00" testType="13cdc9d9-ddb5-4fa4-a97d-d965ccfc6d4b" outcome="Passed" testListId="8c84fa94-04c1-424b-9868-57a2d4851a1d" relativeResultsDirectory="b0065a82-f6ec-4afa-912d-c41a54358f89" />
    <UnitTestResult executionId="5e7cc6af-6008-4255-8fb9-07f2a154c99e" testId="f185bfee-4a90-23aa-6d8c-d9d871279ecc" testName="CoreForms.Ui.Tests.DataBindingTests.ControlBindingsCollection_RemoveBinding" computerName="sirius" duration="00:00:00.0011169" startTime="2026-05-18T05:50:24.9302954+02:00" endTime="2026-05-18T05:50:24.9302954+02:00" testType="13cdc9d9-ddb5-4fa4-a97d-d965ccfc6d4b" outcome="Passed" testListId="8c84fa94-04c1-424b-9868-57a2d4851a1d" relativeResultsDirectory="5e7cc6af-6008-4255-8fb9-07f2a154c99e" />
    <UnitTestResult executionId="80ec8d94-8ee7-4c6f-b83c-f1b9280f8e45" testId="c0d94d83-8f7a-8d6b-513e-2378a5a71bd2" testName="CoreForms.Ui.Tests.DockAndAnchorTests.Dock_TopAndFill_ContainerResize_ShouldExpand" computerName="sirius" duration="00:00:00.0003497" startTime="2026-05-18T05:50:24.9233028+02:00" endTime="2026-05-18T05:50:24.9233029+02:00" testType="13cdc9d9-ddb5-4fa4-a97d-d965ccfc6d4b" outcome="Passed" testListId="8c84fa94-04c1-424b-9868-57a2d4851a1d" relativeResultsDirectory="80ec8d94-8ee7-4c6f-b83c-f1b9280f8e45" />
    <UnitTestResult executionId="3ca74459-b47c-4c82-80ee-11c939b761fb" testId="9725ed33-e402-28a3-30ab-08332d87f921" testName="CoreForms.Ui.Tests.ControlTests.Form_Tab_ShouldNavigateNestedContainers" computerName="sirius" duration="00:00:00.0149588" startTime="2026-05-18T05:50:24.9233234+02:00" endTime="2026-05-18T05:50:24.9233234+02:00" testType="13cdc9d9-ddb5-4fa4-a97d-d965ccfc6d4b" outcome="Passed" testListId="8c84fa94-04c1-424b-9868-57a2d4851a1d" relativeResultsDirectory="3ca74459-b47c-4c82-80ee-11c939b761fb" />
    <UnitTestResult executionId="c506aa3c-f530-48fe-b111-9e66c4f74081" testId="8cf28d66-18eb-8151-b4e2-240638235fd6" testName="CoreForms.Ui.Tests.ControlTests.Button_OnKeyDown_Enter_ShouldFireClick" computerName="sirius" duration="00:00:00.0001499" startTime="2026-05-18T05:50:24.9330282+02:00" endTime="2026-05-18T05:50:24.9330282+02:00" testType="13cdc9d9-ddb5-4fa4-a97d-d965ccfc6d4b" outcome="Passed" testListId="8c84fa94-04c1-424b-9868-57a2d4851a1d" relativeResultsDirectory="c506aa3c-f530-48fe-b111-9e66c4f74081" />
    <UnitTestResult executionId="baa22d3a-8cf5-4a73-bbd3-e036f09a490c" testId="806b886b-4cd8-46f1-eb8d-6ee4985ad12c" testName="CoreForms.Ui.Tests.DockAndAnchorTests.Dock_WithPadding_ShouldRespectPadding" computerName="sirius" duration="00:00:00.0001232" startTime="2026-05-18T05:50:24.9245851+02:00" endTime="2026-05-18T05:50:24.9245852+02:00" testType="13cdc9d9-ddb5-4fa4-a97d-d965ccfc6d4b" outcome="Passed" testListId="8c84fa94-04c1-424b-9868-57a2d4851a1d" relativeResultsDirectory="baa22d3a-8cf5-4a73-bbd3-e036f09a490c" />
    <UnitTestResult executionId="6599e46b-d9af-4c41-9751-ebdacc24590f" testId="56c184d8-f32a-e92a-3efa-3a1d4cdbcaff" testName="CoreForms.Ui.Tests.ControlTests.Form_Tab_ShouldNavigateWithinTabPage_NestedInPanel" computerName="sirius" duration="00:00:00.0017077" startTime="2026-05-18T05:50:24.9239685+02:00" endTime="2026-05-18T05:50:24.9239685+02:00" testType="13cdc9d9-ddb5-4fa4-a97d-d965ccfc6d4b" outcome="Passed" testListId="8c84fa94-04c1-424b-9868-57a2d4851a1d" relativeResultsDirectory="6599e46b-d9af-4c41-9751-ebdacc24590f" />
    <UnitTestResult executionId="3ec6a8df-c0ec-4c47-aa5a-c0f23cbc695d" testId="f3a2d1ba-f68f-83de-f258-409192b66251" testName="CoreForms.Ui.Tests.DataBindingTests.ComboBox_SelectedValue_Works" computerName="sirius" duration="00:00:00.0019014" startTime="2026-05-18T05:50:24.9297905+02:00" endTime="2026-05-18T05:50:24.9297905+02:00" testType="13cdc9d9-ddb5-4fa4-a97d-d965ccfc6d4b" outcome="Passed" testListId="8c84fa94-04c1-424b-9868-57a2d4851a1d" relativeResultsDirectory="3ec6a8df-c0ec-4c47-aa5a-c0f23cbc695d" />
    <UnitTestResult executionId="9159fe13-6487-4d9d-8f59-990ba06bbd57" testId="f760bf34-be15-13f8-026b-322bdbfe7009" testName="CoreForms.Ui.Tests.ControlTests.ContainerControl_ActiveControl_ShouldSetFocused" computerName="sirius" duration="00:00:00.0000799" startTime="2026-05-18T05:50:24.9327619+02:00" endTime="2026-05-18T05:50:24.9327619+02:00" testType="13cdc9d9-ddb5-4fa4-a97d-d965ccfc6d4b" outcome="Passed" testListId="8c84fa94-04c1-424b-9868-57a2d4851a1d" relativeResultsDirectory="9159fe13-6487-4d9d-8f59-990ba06bbd57" />
    <UnitTestResult executionId="14356c1d-4a39-48cc-8668-d3117a2536f2" testId="416a022e-a680-6dc8-190b-3557c5be3277" testName="CoreForms.Ui.Tests.DataBindingTests.BindingList_Insert_RaisesListChanged" computerName="sirius" duration="00:00:00.0003100" startTime="2026-05-18T05:50:24.9305732+02:00" endTime="2026-05-18T05:50:24.9305733+02:00" testType="13cdc9d9-ddb5-4fa4-a97d-d965ccfc6d4b" outcome="Passed" testListId="8c84fa94-04c1-424b-9868-57a2d4851a1d" relativeResultsDirectory="14356c1d-4a39-48cc-8668-d3117a2536f2" />
    <UnitTestResult executionId="cc622d11-72f5-4b3d-ae06-1fecb9c528be" testId="cc9e9d21-b6bc-1161-85b8-acbe70ac130c" testName="CoreForms.Ui.Tests.SpinnerTests.Spinner_ActiveSetSameValue_ShouldNotFire" computerName="sirius" duration="00:00:00.0001599" startTime="2026-05-18T05:50:24.9219261+02:00" endTime="2026-05-18T05:50:24.9219261+02:00" testType="13cdc9d9-ddb5-4fa4-a97d-d965ccfc6d4b" outcome="Passed" testListId="8c84fa94-04c1-424b-9868-57a2d4851a1d" relativeResultsDirectory="cc622d11-72f5-4b3d-ae06-1fecb9c528be" />
    <UnitTestResult executionId="f5db6eb4-c16d-4b01-a4ca-2993cf6b6e7f" testId="053dfd26-e79c-717d-95ad-d9e9c6bf10a8" testName="CoreForms.Ui.Tests.DockAndAnchorTests.Dock_RemoveChild_ShouldReLayoutRemaining" computerName="sirius" duration="00:00:00.0003096" startTime="2026-05-18T05:50:24.9239293+02:00" endTime="2026-05-18T05:50:24.9239293+02:00" testType="13cdc9d9-ddb5-4fa4-a97d-d965ccfc6d4b" outcome="Passed" testListId="8c84fa94-04c1-424b-9868-57a2d4851a1d" relativeResultsDirectory="f5db6eb4-c16d-4b01-a4ca-2993cf6b6e7f" />
    <UnitTestResult executionId="3596c906-83e9-48aa-9935-859252c5b8e8" testId="1dbefa0f-cd6f-103f-8b5b-e17c27313112" testName="CoreForms.Ui.Tests.DataBindingTests.BindingSource_WrapsBindingList" computerName="sirius" duration="00:00:00.0008772" startTime="2026-05-18T05:50:24.9300183+02:00" endTime="2026-05-18T05:50:24.9300183+02:00" testType="13cdc9d9-ddb5-4fa4-a97d-d965ccfc6d4b" outcome="Passed" testListId="8c84fa94-04c1-424b-9868-57a2d4851a1d" relativeResultsDirectory="3596c906-83e9-48aa-9935-859252c5b8e8" />
    <UnitTestResult executionId="cb7ba0ea-e3fa-4e5b-b2e5-f916adc31026" testId="6242c86a-b26e-ac12-4a6f-b73b731bd515" testName="CoreForms.Ui.Tests.DockAndAnchorTests.DockFill_TwoStepResize_WithoutSuspendLayout" computerName="sirius" duration="00:00:00.0001914" startTime="2026-05-18T05:50:24.9239491+02:00" endTime="2026-05-18T05:50:24.9239491+02:00" testType="13cdc9d9-ddb5-4fa4-a97d-d965ccfc6d4b" outcome="Passed" testListId="8c84fa94-04c1-424b-9868-57a2d4851a1d" relativeResultsDirectory="cb7ba0ea-e3fa-4e5b-b2e5-f916adc31026" />
    <UnitTestResult executionId="be02fdd0-9451-4c53-b746-1a749aa033ca" testId="d4e5ecc1-3b68-03e8-5fec-d7087685ae42" testName="CoreForms.Ui.Tests.ControlTests.RadioButton_OnKeyDown_Space_ShouldSetChecked" computerName="sirius" duration="00:00:00.0001421" startTime="2026-05-18T05:50:24.9394060+02:00" endTime="2026-05-18T05:50:24.9394060+02:00" testType="13cdc9d9-ddb5-4fa4-a97d-d965ccfc6d4b" outcome="Passed" testListId="8c84fa94-04c1-424b-9868-57a2d4851a1d" relativeResultsDirectory="be02fdd0-9451-4c53-b746-1a749aa033ca" />
    <UnitTestResult executionId="47d65ec7-8b51-48bc-8285-4e643ebcc57d" testId="a11d06f4-3a58-fcbc-3456-5a81caa6d23a" testName="CoreForms.Ui.Tests.DataBindingTests.Binding_CheckBox_CheckedBinding" computerName="sirius" duration="00:00:00.0006387" startTime="2026-05-18T05:50:24.9300496+02:00" endTime="2026-05-18T05:50:24.9300496+02:00" testType="13cdc9d9-ddb5-4fa4-a97d-d965ccfc6d4b" outcome="Passed" testListId="8c84fa94-04c1-424b-9868-57a2d4851a1d" relativeResultsDirectory="47d65ec7-8b51-48bc-8285-4e643ebcc57d" />
    <UnitTestResult executionId="0431814a-51d7-492b-95bd-fd8edc9ea876" testId="25c18603-966c-135c-5698-17cac27bd9f3" testName="CoreForms.Ui.Tests.ControlTests.Button_OnMouseUp_ShouldFireClick" computerName="sirius" duration="00:00:00.0001263" startTime="2026-05-18T05:50:24.9382789+02:00" endTime="2026-05-18T05:50:24.9382789+02:00" testType="13cdc9d9-ddb5-4fa4-a97d-d965ccfc6d4b" outcome="Passed" testListId="8c84fa94-04c1-424b-9868-57a2d4851a1d" relativeResultsDirectory="0431814a-51d7-492b-95bd-fd8edc9ea876" />
    <UnitTestResult executionId="f7b59b82-67be-4650-8c72-88eb0655a06b" testId="091d827b-8a5a-756a-da55-6197601fcbd0" testName="CoreForms.Ui.Tests.DataBindingTests.ListBox_SelectedValue_SetByValue" computerName="sirius" duration="00:00:00.0005186" startTime="2026-05-18T05:50:24.9306938+02:00" endTime="2026-05-18T05:50:24.9306939+02:00" testType="13cdc9d9-ddb5-4fa4-a97d-d965ccfc6d4b" outcome="Passed" testListId="8c84fa94-04c1-424b-9868-57a2d4851a1d" relativeResultsDirectory="f7b59b82-67be-4650-8c72-88eb0655a06b" />
    <UnitTestResult executionId="91cb3e1f-40a3-4060-b732-e8b7e1a17fa5" testId="c3db93bb-598f-ced4-3d68-7f992f8aa6d7" testName="CoreForms.Ui.Tests.DockAndAnchorTests.Dock_Fill_WithOtherDocked_ShouldFillRemainingSpace" computerName="sirius" duration="00:00:00.0001775" startTime="2026-05-18T05:50:24.9237102+02:00" endTime="2026-05-18T05:50:24.9237103+02:00" testType="13cdc9d9-ddb5-4fa4-a97d-d965ccfc6d4b" outcome="Passed" testListId="8c84fa94-04c1-424b-9868-57a2d4851a1d" relativeResultsDirectory="91cb3e1f-40a3-4060-b732-e8b7e1a17fa5" />
    <UnitTestResult executionId="bd3ff236-4d92-4483-a180-b6582d0ae8c2" testId="6e8baf0f-4707-13ec-0e92-b5c1ac96a79f" testName="CoreForms.Ui.Tests.DockAndAnchorTests.Anchor_ChangeAfterAdd_ShouldPreserveDistances" computerName="sirius" duration="00:00:00.0001014" startTime="2026-05-18T05:50:24.9297785+02:00" endTime="2026-05-18T05:50:24.9297785+02:00" testType="13cdc9d9-ddb5-4fa4-a97d-d965ccfc6d4b" outcome="Passed" testListId="8c84fa94-04c1-424b-9868-57a2d4851a1d" relativeResultsDirectory="bd3ff236-4d92-4483-a180-b6582d0ae8c2" />
    <UnitTestResult executionId="ff4e9049-700a-4651-b9cf-493716caf2d3" testId="1e9a53d1-399b-f19d-9e80-8bb681cea35c" testName="CoreForms.Ui.Tests.DataBindingTests.Binding_TwoWay_ControlChangeUpdatesSource" computerName="sirius" duration="00:00:00.0006803" startTime="2026-05-18T05:50:24.9317166+02:00" endTime="2026-05-18T05:50:24.9317166+02:00" testType="13cdc9d9-ddb5-4fa4-a97d-d965ccfc6d4b" outcome="Passed" testListId="8c84fa94-04c1-424b-9868-57a2d4851a1d" relativeResultsDirectory="ff4e9049-700a-4651-b9cf-493716caf2d3" />
    <UnitTestResult executionId="888ba5aa-ed1c-4a02-8ce0-aa4d48c910d2" testId="374b6c03-e13b-5688-c274-57394d1f7357" testName="CoreForms.Ui.Tests.DockAndAnchorTests.DockFullScenario_PlatformResizeSimulation" computerName="sirius" duration="00:00:00.0041929" startTime="2026-05-18T05:50:24.9231744+02:00" endTime="2026-05-18T05:50:24.9231747+02:00" testType="13cdc9d9-ddb5-4fa4-a97d-d965ccfc6d4b" outcome="Passed" testListId="8c84fa94-04c1-424b-9868-57a2d4851a1d" relativeResultsDirectory="888ba5aa-ed1c-4a02-8ce0-aa4d48c910d2" />
    <UnitTestResult executionId="e1f8076b-865a-4a35-aac2-a6164291daca" testId="4b76752d-bec3-705c-7b31-bfe3d13a2b0e" testName="CoreForms.Ui.Tests.DockAndAnchorTests.Form_DockFill_Resize_ShouldWork" computerName="sirius" duration="00:00:00.0006050" startTime="2026-05-18T05:50:24.9232509+02:00" endTime="2026-05-18T05:50:24.9232510+02:00" testType="13cdc9d9-ddb5-4fa4-a97d-d965ccfc6d4b" outcome="Passed" testListId="8c84fa94-04c1-424b-9868-57a2d4851a1d" relativeResultsDirectory="e1f8076b-865a-4a35-aac2-a6164291daca" />
    <UnitTestResult executionId="e29dedf2-d697-4229-939e-6aa70a246a58" testId="f44b9ea4-ad5d-130f-a7ee-0458522ee3f9" testName="CoreForms.Ui.Tests.DataBindingTests.ListBox_DataSource_SelectedIndexReset" computerName="sirius" duration="00:00:00.0001611" startTime="2026-05-18T05:50:24.9300031+02:00" endTime="2026-05-18T05:50:24.9300032+02:00" testType="13cdc9d9-ddb5-4fa4-a97d-d965ccfc6d4b" outcome="Passed" testListId="8c84fa94-04c1-424b-9868-57a2d4851a1d" relativeResultsDirectory="e29dedf2-d697-4229-939e-6aa70a246a58" />
    <UnitTestResult executionId="bab5db8b-73fb-4476-b77d-91cebca1350d" testId="65b60531-0ad8-ba49-dad7-ff7edfe5df57" testName="CoreForms.Ui.Tests.DockAndAnchorTests.Dock_ChangeAfterAdd_ShouldRearrange" computerName="sirius" duration="00:00:00.0001197" startTime="2026-05-18T05:50:24.9243030+02:00" endTime="2026-05-18T05:50:24.9243031+02:00" testType="13cdc9d9-ddb5-4fa4-a97d-d965ccfc6d4b" outcome="Passed" testListId="8c84fa94-04c1-424b-9868-57a2d4851a1d" relativeResultsDirectory="bab5db8b-73fb-4476-b77d-91cebca1350d" />
    <UnitTestResult executionId="93cea069-1f2f-4612-89dd-d0f8feaa3bd8" testId="23c947e7-b88d-ff91-da51-25192a86aee1" testName="CoreForms.Ui.Tests.DockAndAnchorTests.Dock_Right_ShouldFillRightEdge" computerName="sirius" duration="00:00:00.0001530" startTime="2026-05-18T05:50:24.9236531+02:00" endTime="2026-05-18T05:50:24.9236531+02:00" testType="13cdc9d9-ddb5-4fa4-a97d-d965ccfc6d4b" outcome="Passed" testListId="8c84fa94-04c1-424b-9868-57a2d4851a1d" relativeResultsDirectory="93cea069-1f2f-4612-89dd-d0f8feaa3bd8" />
    <UnitTestResult executionId="ecdb49ba-d129-423d-b142-7226b601d5d0" testId="a246acf3-d83d-a252-56e9-cc24f97cd607" testName="CoreForms.Ui.Tests.ControlTests.RichTextEngine_ToggleBold_OnSelection_TogglesRunStyle" computerName="sirius" duration="00:00:00.0018241" startTime="2026-05-18T05:50:24.9316565+02:00" endTime="2026-05-18T05:50:24.9316565+02:00" testType="13cdc9d9-ddb5-4fa4-a97d-d965ccfc6d4b" outcome="Passed" testListId="8c84fa94-04c1-424b-9868-57a2d4851a1d" relativeResultsDirectory="ecdb49ba-d129-423d-b142-7226b601d5d0" />
    <UnitTestResult executionId="1ab82d18-4031-43d7-85d9-ec4946a543a1" testId="c07d947c-2231-7f9b-799a-fdda85b0c839" testName="CoreForms.Ui.Tests.ControlTests.Form_Tab_ShouldWrapAround" computerName="sirius" duration="00:00:00.0001039" startTime="2026-05-18T05:50:24.9364576+02:00" endTime="2026-05-18T05:50:24.9364577+02:00" testType="13cdc9d9-ddb5-4fa4-a97d-d965ccfc6d4b" outcome="Passed" testListId="8c84fa94-04c1-424b-9868-57a2d4851a1d" relativeResultsDirectory="1ab82d18-4031-43d7-85d9-ec4946a543a1" />
    <UnitTestResult executionId="0271950a-384f-4e46-9416-444293d7a089" testId="1c0f6e95-463e-b23f-96ca-34872209eda8" testName="CoreForms.Ui.Tests.ControlTests.TextBox_OnTextInput_ShouldInsertChar" computerName="sirius" duration="00:00:00.0060476" startTime="2026-05-18T05:50:24.9319455+02:00" endTime="2026-05-18T05:50:24.9319455+02:00" testType="13cdc9d9-ddb5-4fa4-a97d-d965ccfc6d4b" outcome="Passed" testListId="8c84fa94-04c1-424b-9868-57a2d4851a1d" relativeResultsDirectory="0271950a-384f-4e46-9416-444293d7a089" />
    <UnitTestResult executionId="cd5210a9-8017-469e-9bf0-0ea6f4d880d6" testId="09671850-885c-02b9-b7f0-0a0ea96cdf22" testName="CoreForms.Ui.Tests.ControlTests.Control_ParentChildRelationship_ShouldWork" computerName="sirius" duration="00:00:00.0002410" startTime="2026-05-18T05:50:24.9317620+02:00" endTime="2026-05-18T05:50:24.9317620+02:00" testType="13cdc9d9-ddb5-4fa4-a97d-d965ccfc6d4b" outcome="Passed" testListId="8c84fa94-04c1-424b-9868-57a2d4851a1d" relativeResultsDirectory="cd5210a9-8017-469e-9bf0-0ea6f4d880d6" />
    <UnitTestResult executionId="2aa33d04-8c37-4e26-a014-f91d5e420985" testId="4bf31e63-9718-56ba-8f26-adb1f973ce09" testName="CoreForms.Ui.Tests.DataBindingTests.ComboBox_DataSource_PopulatesItems" computerName="sirius" duration="00:00:00.0001541" startTime="2026-05-18T05:50:24.9306345+02:00" endTime="2026-05-18T05:50:24.9306345+02:00" testType="13cdc9d9-ddb5-4fa4-a97d-d965ccfc6d4b" outcome="Passed" testListId="8c84fa94-04c1-424b-9868-57a2d4851a1d" relativeResultsDirectory="2aa33d04-8c37-4e26-a014-f91d5e420985" />
    <UnitTestResult executionId="64a2f511-8ab6-4ed5-a5f3-6dfbe089d931" testId="ddb4ed26-c606-93d5-465d-84ba3a35eda5" testName="CoreForms.Ui.Tests.DataBindingTests.BindingList_Clear_RaisesReset" computerName="sirius" duration="00:00:00.0008202" startTime="2026-05-18T05:50:24.9300334+02:00" endTime="2026-05-18T05:50:24.9300335+02:00" testType="13cdc9d9-ddb5-4fa4-a97d-d965ccfc6d4b" outcome="Passed" testListId="8c84fa94-04c1-424b-9868-57a2d4851a1d" relativeResultsDirectory="64a2f511-8ab6-4ed5-a5f3-6dfbe089d931" />
    <UnitTestResult executionId="49d978b5-8b77-4943-a03f-99c97f46729e" testId="b734bb66-d856-47cc-97aa-754d5c05b923" testName="CoreForms.Ui.Tests.DockAndAnchorTests.Dock_Multiple_ShouldStackSequentially" computerName="sirius" duration="00:00:00.0001905" startTime="2026-05-18T05:50:24.9243361+02:00" endTime="2026-05-18T05:50:24.9243362+02:00" testType="13cdc9d9-ddb5-4fa4-a97d-d965ccfc6d4b" outcome="Passed" testListId="8c84fa94-04c1-424b-9868-57a2d4851a1d" relativeResultsDirectory="49d978b5-8b77-4943-a03f-99c97f46729e" />
    <UnitTestResult executionId="5923d0c9-0bc6-445f-a424-17b3fddb4618" testId="52120de5-2681-1ee3-0e1d-c86235b4072f" testName="CoreForms.Ui.Tests.SpinnerTests.Spinner_DotRadius_ShouldClampToMinimum" computerName="sirius" duration="00:00:00.0068811" startTime="2026-05-18T05:50:24.8940141+02:00" endTime="2026-05-18T05:50:24.8940142+02:00" testType="13cdc9d9-ddb5-4fa4-a97d-d965ccfc6d4b" outcome="Passed" testListId="8c84fa94-04c1-424b-9868-57a2d4851a1d" relativeResultsDirectory="5923d0c9-0bc6-445f-a424-17b3fddb4618" />
    <UnitTestResult executionId="d63c046d-c8d1-48e1-8e63-f025627b064c" testId="e135d6ec-c174-efbc-8108-0d5a4876743d" testName="CoreForms.Ui.Tests.DockAndAnchorTests.Dock_NoneWithAnchoredSibling_ShouldNotInterfere" computerName="sirius" duration="00:00:00.0002278" startTime="2026-05-18T05:50:24.9239087+02:00" endTime="2026-05-18T05:50:24.9239088+02:00" testType="13cdc9d9-ddb5-4fa4-a97d-d965ccfc6d4b" outcome="Passed" testListId="8c84fa94-04c1-424b-9868-57a2d4851a1d" relativeResultsDirectory="d63c046d-c8d1-48e1-8e63-f025627b064c" />
    <UnitTestResult executionId="61cbee3a-425a-45bd-b412-cc723d4ffaae" testId="52e00443-8721-d882-eed7-64bf538c372a" testName="CoreForms.Ui.Tests.ControlTests.ContainerControl_ActiveControl_ChangeShouldUnfocusOld" computerName="sirius" duration="00:00:00.0001024" startTime="2026-05-18T05:50:24.9312698+02:00" endTime="2026-05-18T05:50:24.9312699+02:00" testType="13cdc9d9-ddb5-4fa4-a97d-d965ccfc6d4b" outcome="Passed" testListId="8c84fa94-04c1-424b-9868-57a2d4851a1d" relativeResultsDirectory="61cbee3a-425a-45bd-b412-cc723d4ffaae" />
    <UnitTestResult executionId="1d5a5994-d216-4f7e-9539-19dfea267c0e" testId="f1ec0cc9-27e3-05cf-710a-b4c3723d91ea" testName="CoreForms.Ui.Tests.ControlTests.ListBox_OnKeyDown_Up_ShouldMoveSelection" computerName="sirius" duration="00:00:00.0002176" startTime="2026-05-18T05:50:24.9379903+02:00" endTime="2026-05-18T05:50:24.9379903+02:00" testType="13cdc9d9-ddb5-4fa4-a97d-d965ccfc6d4b" outcome="Passed" testListId="8c84fa94-04c1-424b-9868-57a2d4851a1d" relativeResultsDirectory="1d5a5994-d216-4f7e-9539-19dfea267c0e" />
    <UnitTestResult executionId="a163d38a-33bf-40cd-b04e-f151871f3541" testId="c60aa40e-e745-7404-131b-49d1cd1b2d9d" testName="CoreForms.Ui.Tests.DockAndAnchorTests.Anchor_TopLeftBottom_ShouldStretchVertically" computerName="sirius" duration="00:00:00.0001086" startTime="2026-05-18T05:50:24.9297580+02:00" endTime="2026-05-18T05:50:24.9297580+02:00" testType="13cdc9d9-ddb5-4fa4-a97d-d965ccfc6d4b" outcome="Passed" testListId="8c84fa94-04c1-424b-9868-57a2d4851a1d" relativeResultsDirectory="a163d38a-33bf-40cd-b04e-f151871f3541" />
    <UnitTestResult executionId="5b7dd2bb-ce12-4e88-b208-eeaa0b0b5adf" testId="e02ba48d-0942-56e8-79cd-306bb1bd4125" testName="CoreForms.Ui.Tests.ControlTests.Button_OnKeyDown_Enter_ShouldSetHandled" computerName="sirius" duration="00:00:00.0000675" startTime="2026-05-18T05:50:24.9394953+02:00" endTime="2026-05-18T05:50:24.9394953+02:00" testType="13cdc9d9-ddb5-4fa4-a97d-d965ccfc6d4b" outcome="Passed" testListId="8c84fa94-04c1-424b-9868-57a2d4851a1d" relativeResultsDirectory="5b7dd2bb-ce12-4e88-b208-eeaa0b0b5adf" />
    <UnitTestResult executionId="270cf6ab-8bcf-4ec5-9c2a-8ea672ffa30c" testId="b0c32a8b-960c-ef69-f99d-0139181b99b6" testName="CoreForms.Ui.Tests.DataBindingTests.CurrencyManager_MoveNext" computerName="sirius" duration="00:00:00.0003924" startTime="2026-05-18T05:50:24.9299721+02:00" endTime="2026-05-18T05:50:24.9299722+02:00" testType="13cdc9d9-ddb5-4fa4-a97d-d965ccfc6d4b" outcome="Passed" testListId="8c84fa94-04c1-424b-9868-57a2d4851a1d" relativeResultsDirectory="270cf6ab-8bcf-4ec5-9c2a-8ea672ffa30c" />
    <UnitTestResult executionId="da60a88e-4ad0-46ae-a645-6a198d46594b" testId="e048fb94-bec6-aaf4-ca11-5cffb03c46eb" testName="CoreForms.Ui.Tests.ControlTests.RichTextEngine_ToggleBold_OnCrossRunSelection_TogglesBothRuns" computerName="sirius" duration="00:00:00.0002392" startTime="2026-05-18T05:50:24.9367993+02:00" endTime="2026-05-18T05:50:24.9367993+02:00" testType="13cdc9d9-ddb5-4fa4-a97d-d965ccfc6d4b" outcome="Passed" testListId="8c84fa94-04c1-424b-9868-57a2d4851a1d" relativeResultsDirectory="da60a88e-4ad0-46ae-a645-6a198d46594b" />
    <UnitTestResult executionId="440e8dc6-9cfa-4459-bcbf-5724d56ed925" testId="f33bf466-ce45-4240-edab-2bc7f80d3c66" testName="CoreForms.Ui.Tests.DataBindingTests.BindingContext_CreatesPropertyManagerForObject" computerName="sirius" duration="00:00:00.0003485" startTime="2026-05-18T05:50:24.9307524+02:00" endTime="2026-05-18T05:50:24.9307524+02:00" testType="13cdc9d9-ddb5-4fa4-a97d-d965ccfc6d4b" outcome="Passed" testListId="8c84fa94-04c1-424b-9868-57a2d4851a1d" relativeResultsDirectory="440e8dc6-9cfa-4459-bcbf-5724d56ed925" />
    <UnitTestResult executionId="db9411a8-13f4-48d5-b61f-aff3de90ddb7" testId="9974cbdb-1b80-32ee-a3ef-ecbf4c7d43ee" testName="CoreForms.Ui.Tests.ControlTests.Form_Tab_ShouldSelectFirstControlWhenNoneFocused" computerName="sirius" duration="00:00:00.0001135" startTime="2026-05-18T05:50:24.9337187+02:00" endTime="2026-05-18T05:50:24.9337187+02:00" testType="13cdc9d9-ddb5-4fa4-a97d-d965ccfc6d4b" outcome="Passed" testListId="8c84fa94-04c1-424b-9868-57a2d4851a1d" relativeResultsDirectory="db9411a8-13f4-48d5-b61f-aff3de90ddb7" />
    <UnitTestResult executionId="33cf1677-a8ff-4497-9dec-11e258135528" testId="9f4c77ed-9d56-4316-16ac-3ff764d696cf" testName="CoreForms.Ui.Tests.DataBindingTests.ListBox_SelectedValue_MatchesValueMember" computerName="sirius" duration="00:00:00.0009292" startTime="2026-05-18T05:50:24.9303293+02:00" endTime="2026-05-18T05:50:24.9303294+02:00" testType="13cdc9d9-ddb5-4fa4-a97d-d965ccfc6d4b" outcome="Passed" testListId="8c84fa94-04c1-424b-9868-57a2d4851a1d" relativeResultsDirectory="33cf1677-a8ff-4497-9dec-11e258135528" />
    <UnitTestResult executionId="1c1d77bc-b0a0-443f-ac98-7dacf7a019cf" testId="85a85015-09fc-8637-f69d-c885a566cdfc" testName="CoreForms.Ui.Tests.DataBindingTests.Control_PropertyChanged_FiresOnVisibleChange" computerName="sirius" duration="00:00:00.0001551" startTime="2026-05-18T05:50:24.9303445+02:00" endTime="2026-05-18T05:50:24.9303446+02:00" testType="13cdc9d9-ddb5-4fa4-a97d-d965ccfc6d4b" outcome="Passed" testListId="8c84fa94-04c1-424b-9868-57a2d4851a1d" relativeResultsDirectory="1c1d77bc-b0a0-443f-ac98-7dacf7a019cf" />
    <UnitTestResult executionId="a0c543f8-9d04-4a2c-9c95-af7db519e0d8" testId="03da8256-c965-76db-92d1-0b62da05be75" testName="CoreForms.Ui.Tests.ControlTests.CheckBox_OnMouseUp_ShouldFireCheckedChanged" computerName="sirius" duration="00:00:00.0002077" startTime="2026-05-18T05:50:24.9361799+02:00" endTime="2026-05-18T05:50:24.9361800+02:00" testType="13cdc9d9-ddb5-4fa4-a97d-d965ccfc6d4b" outcome="Passed" testListId="8c84fa94-04c1-424b-9868-57a2d4851a1d" relativeResultsDirectory="a0c543f8-9d04-4a2c-9c95-af7db519e0d8" />
    <UnitTestResult executionId="6eb3b859-c557-4604-908e-f26ae1dbd021" testId="6cb1c428-7a36-430c-93e9-d3125b86fe1c" testName="CoreForms.Ui.Tests.ControlTests.CheckBox_Checked_ShouldToggle" computerName="sirius" duration="00:00:00.0000625" startTime="2026-05-18T05:50:24.9365419+02:00" endTime="2026-05-18T05:50:24.9365419+02:00" testType="13cdc9d9-ddb5-4fa4-a97d-d965ccfc6d4b" outcome="Passed" testListId="8c84fa94-04c1-424b-9868-57a2d4851a1d" relativeResultsDirectory="6eb3b859-c557-4604-908e-f26ae1dbd021" />
    <UnitTestResult executionId="1d26f572-3500-462e-9f08-593728b9ae2e" testId="0e3c25bd-21e0-e9da-11e8-1b96ddf24532" testName="CoreForms.Ui.Tests.ControlTests.Form_Tab_ShouldSkipNonTabStopControls" computerName="sirius" duration="00:00:00.0002587" startTime="2026-05-18T05:50:24.9236337+02:00" endTime="2026-05-18T05:50:24.9236338+02:00" testType="13cdc9d9-ddb5-4fa4-a97d-d965ccfc6d4b" outcome="Passed" testListId="8c84fa94-04c1-424b-9868-57a2d4851a1d" relativeResultsDirectory="1d26f572-3500-462e-9f08-593728b9ae2e" />
    <UnitTestResult executionId="263d8536-2bfa-4360-af4a-51604fbd5159" testId="b7fd6ec8-e4f3-4575-689b-fc6ff901d44d" testName="CoreForms.Ui.Tests.DataBindingTests.ControlBindingsCollection_AddAndRetrieve" computerName="sirius" duration="00:00:00.0003978" startTime="2026-05-18T05:50:24.9311098+02:00" endTime="2026-05-18T05:50:24.9311099+02:00" testType="13cdc9d9-ddb5-4fa4-a97d-d965ccfc6d4b" outcome="Passed" testListId="8c84fa94-04c1-424b-9868-57a2d4851a1d" relativeResultsDirectory="263d8536-2bfa-4360-af4a-51604fbd5159" />
    <UnitTestResult executionId="f3529468-aebc-4f51-815a-f0d74a1c2fb5" testId="ee4b0a3e-79a3-1840-704d-159b5ad0465f" testName="CoreForms.Ui.Tests.DockAndAnchorTests.Anchor_None_ShouldKeepPositionOnResize" computerName="sirius" duration="00:00:00.0001101" startTime="2026-05-18T05:50:24.9246776+02:00" endTime="2026-05-18T05:50:24.9246777+02:00" testType="13cdc9d9-ddb5-4fa4-a97d-d965ccfc6d4b" outcome="Passed" testListId="8c84fa94-04c1-424b-9868-57a2d4851a1d" relativeResultsDirectory="f3529468-aebc-4f51-815a-f0d74a1c2fb5" />
    <UnitTestResult executionId="8954dc81-cfc4-4bdf-9d3e-b6bc584a5c8c" testId="caa01989-7b3b-6c95-0920-cdf4fd3b3997" testName="CoreForms.Ui.Tests.DockAndAnchorTests.Dock_TopThenFill_WithPadding_ShouldStackCorrectly" computerName="sirius" duration="00:00:00.0004397" startTime="2026-05-18T05:50:24.9233434+02:00" endTime="2026-05-18T05:50:24.9233435+02:00" testType="13cdc9d9-ddb5-4fa4-a97d-d965ccfc6d4b" outcome="Passed" testListId="8c84fa94-04c1-424b-9868-57a2d4851a1d" relativeResultsDirectory="8954dc81-cfc4-4bdf-9d3e-b6bc584a5c8c" />
    <UnitTestResult executionId="666cf70b-dafe-4ee6-b77b-8c12024d4bda" testId="854e50e3-397f-4b9c-5be3-98b0a69541b9" testName="CoreForms.Ui.Tests.DataBindingTests.ListBox_DataSource_PopulatesItems" computerName="sirius" duration="00:00:00.0032925" startTime="2026-05-18T05:50:24.9219645+02:00" endTime="2026-05-18T05:50:24.9219645+02:00" testType="13cdc9d9-ddb5-4fa4-a97d-d965ccfc6d4b" outcome="Passed" testListId="8c84fa94-04c1-424b-9868-57a2d4851a1d" relativeResultsDirectory="666cf70b-dafe-4ee6-b77b-8c12024d4bda" />
    <UnitTestResult executionId="b1915346-b6b6-44ad-9bf1-f46d45f18820" testId="ffc9f466-d821-2ecd-8c60-d979ac94a4e6" testName="CoreForms.Ui.Tests.ControlTests.ListBox_OnKeyDown_Down_ShouldMoveSelection" computerName="sirius" duration="00:00:00.0002343" startTime="2026-05-18T05:50:24.9312394+02:00" endTime="2026-05-18T05:50:24.9312395+02:00" testType="13cdc9d9-ddb5-4fa4-a97d-d965ccfc6d4b" outcome="Passed" testListId="8c84fa94-04c1-424b-9868-57a2d4851a1d" relativeResultsDirectory="b1915346-b6b6-44ad-9bf1-f46d45f18820" />
    <UnitTestResult executionId="5ce0c6cf-1b36-4231-bf87-6eb7ca22a6b7" testId="c5f0d781-73f0-8376-ad45-bfe81deff226" testName="CoreForms.Ui.Tests.DockAndAnchorTests.ClientRectangle_WithPadding_ShouldSubtractPadding" computerName="sirius" duration="00:00:00.0001492" startTime="2026-05-18T05:50:24.9240261+02:00" endTime="2026-05-18T05:50:24.9240262+02:00" testType="13cdc9d9-ddb5-4fa4-a97d-d965ccfc6d4b" outcome="Passed" testListId="8c84fa94-04c1-424b-9868-57a2d4851a1d" relativeResultsDirectory="5ce0c6cf-1b36-4231-bf87-6eb7ca22a6b7" />
    <UnitTestResult executionId="45db844b-0285-4f4b-b101-a992ccbf4ad9" testId="bdda55b4-f151-dfa7-73ff-be1a9b9dbf7e" testName="CoreForms.Ui.Tests.DataBindingTests.Binding_OneWay_PushesInitialValue" computerName="sirius" duration="00:00:00.0003634" startTime="2026-05-18T05:50:24.9316273+02:00" endTime="2026-05-18T05:50:24.9316274+02:00" testType="13cdc9d9-ddb5-4fa4-a97d-d965ccfc6d4b" outcome="Passed" testListId="8c84fa94-04c1-424b-9868-57a2d4851a1d" relativeResultsDirectory="45db844b-0285-4f4b-b101-a992ccbf4ad9" />
    <UnitTestResult executionId="5392d528-5701-41f7-befd-8108f711fc7f" testId="69f37849-7adb-fff2-c546-fb968aa6bb5d" testName="CoreForms.Ui.Tests.ControlTests.Control_Focused_ShouldFireGotFocusEvent" computerName="sirius" duration="00:00:00.0002003" startTime="2026-05-18T05:50:24.9319601+02:00" endTime="2026-05-18T05:50:24.9319602+02:00" testType="13cdc9d9-ddb5-4fa4-a97d-d965ccfc6d4b" outcome="Passed" testListId="8c84fa94-04c1-424b-9868-57a2d4851a1d" relativeResultsDirectory="5392d528-5701-41f7-befd-8108f711fc7f" />
    <UnitTestResult executionId="0789c6b2-e67d-41b5-a44c-2fe59713aad4" testId="20205464-3eae-80e5-efb7-bf3454069d7e" testName="CoreForms.Ui.Tests.ControlTests.CheckBox_OnKeyDown_Space_ShouldToggleChecked" computerName="sirius" duration="00:00:00.0001437" startTime="2026-05-18T05:50:24.9332020+02:00" endTime="2026-05-18T05:50:24.9332020+02:00" testType="13cdc9d9-ddb5-4fa4-a97d-d965ccfc6d4b" outcome="Passed" testListId="8c84fa94-04c1-424b-9868-57a2d4851a1d" relativeResultsDirectory="0789c6b2-e67d-41b5-a44c-2fe59713aad4" />
    <UnitTestResult executionId="48cecb73-221e-49b6-9b10-ce48dc015f44" testId="15245054-29a9-eddf-e31f-2f776d53f551" testName="CoreForms.Ui.Tests.DockAndAnchorTests.Padding_Struct_IndividualValues" computerName="sirius" duration="00:00:00.0001837" startTime="2026-05-18T05:50:24.9242668+02:00" endTime="2026-05-18T05:50:24.9242669+02:00" testType="13cdc9d9-ddb5-4fa4-a97d-d965ccfc6d4b" outcome="Passed" testListId="8c84fa94-04c1-424b-9868-57a2d4851a1d" relativeResultsDirectory="48cecb73-221e-49b6-9b10-ce48dc015f44" />
    <UnitTestResult executionId="fa6f0839-afd4-4370-ba12-09e60f9d8e5a" testId="9a376181-2400-cad7-cd07-e462f63b97a8" testName="CoreForms.Ui.Tests.DockAndAnchorTests.Anchor_BottomRight_ShouldMoveToBottomRight" computerName="sirius" duration="00:00:00.0001499" startTime="2026-05-18T05:50:24.9245669+02:00" endTime="2026-05-18T05:50:24.9245669+02:00" testType="13cdc9d9-ddb5-4fa4-a97d-d965ccfc6d4b" outcome="Passed" testListId="8c84fa94-04c1-424b-9868-57a2d4851a1d" relativeResultsDirectory="fa6f0839-afd4-4370-ba12-09e60f9d8e5a" />
    <UnitTestResult executionId="1c1f5d58-8844-469a-91e1-891c5fa8ff20" testId="a02da341-e568-4e19-c4da-12b0422dbe3c" testName="CoreForms.Ui.Tests.DataBindingTests.ListBox_ListChanged_RemovesItem" computerName="sirius" duration="00:00:00.0005993" startTime="2026-05-18T05:50:24.9232857+02:00" endTime="2026-05-18T05:50:24.9232858+02:00" testType="13cdc9d9-ddb5-4fa4-a97d-d965ccfc6d4b" outcome="Passed" testListId="8c84fa94-04c1-424b-9868-57a2d4851a1d" relativeResultsDirectory="1c1f5d58-8844-469a-91e1-891c5fa8ff20" />
    <UnitTestResult executionId="255bd4ab-7856-4ae4-942a-357ccc99491f" testId="7fa7cb9c-3794-8e53-a1bd-ab892421c2bd" testName="CoreForms.Ui.Tests.ControlTests.ComboBox_OnKeyDown_Up_ShouldMoveSelection" computerName="sirius" duration="00:00:00.0004088" startTime="2026-05-18T05:50:24.9313293+02:00" endTime="2026-05-18T05:50:24.9313294+02:00" testType="13cdc9d9-ddb5-4fa4-a97d-d965ccfc6d4b" outcome="Passed" testListId="8c84fa94-04c1-424b-9868-57a2d4851a1d" relativeResultsDirectory="255bd4ab-7856-4ae4-942a-357ccc99491f" />
    <UnitTestResult executionId="82e02a09-3f27-447c-8308-0fb8a1a90cff" testId="cc1ce9cd-4d5f-921b-95f8-63ffcc8ee1b0" testName="CoreForms.Ui.Tests.DockAndAnchorTests.Dock_ContainerResize_ShouldUpdateDockedChildren" computerName="sirius" duration="00:00:00.0001952" startTime="2026-05-18T05:50:24.9242214+02:00" endTime="2026-05-18T05:50:24.9242214+02:00" testType="13cdc9d9-ddb5-4fa4-a97d-d965ccfc6d4b" outcome="Passed" testListId="8c84fa94-04c1-424b-9868-57a2d4851a1d" relativeResultsDirectory="82e02a09-3f27-447c-8308-0fb8a1a90cff" />
    <UnitTestResult executionId="19a13fee-e505-411a-9637-ad3516a12ed4" testId="02e8e382-a4be-33a8-dcf9-09deb4d0b143" testName="CoreForms.Ui.Tests.SpinnerTests.Spinner_AutoStart_ShouldSetActiveOnVisible" computerName="sirius" duration="00:00:00.0003421" startTime="2026-05-18T05:50:24.8950864+02:00" endTime="2026-05-18T05:50:24.8950864+02:00" testType="13cdc9d9-ddb5-4fa4-a97d-d965ccfc6d4b" outcome="Passed" testListId="8c84fa94-04c1-424b-9868-57a2d4851a1d" relativeResultsDirectory="19a13fee-e505-411a-9637-ad3516a12ed4" />
    <UnitTestResult executionId="f024dd78-7fc5-497e-9a3a-15d66e82da60" testId="edd4cf64-43e7-d94b-0f4d-e5bf8df5be8b" testName="CoreForms.Ui.Tests.SpinnerTests.Spinner_AutoStartFalse_ShouldNotStartOnVisible" computerName="sirius" duration="00:00:00.0000847" startTime="2026-05-18T05:50:24.8951163+02:00" endTime="2026-05-18T05:50:24.8951163+02:00" testType="13cdc9d9-ddb5-4fa4-a97d-d965ccfc6d4b" outcome="Passed" testListId="8c84fa94-04c1-424b-9868-57a2d4851a1d" relativeResultsDirectory="f024dd78-7fc5-497e-9a3a-15d66e82da60" />
    <UnitTestResult executionId="29f5ea91-622e-4ae2-92b1-ba3bf0ccb184" testId="e59872e4-adcb-6ec9-d138-57608cafef26" testName="CoreForms.Ui.Tests.SpinnerTests.Spinner_AutoStart_ShouldStopOnInvisible" computerName="sirius" duration="00:00:00.0000891" startTime="2026-05-18T05:50:24.9217885+02:00" endTime="2026-05-18T05:50:24.9217885+02:00" testType="13cdc9d9-ddb5-4fa4-a97d-d965ccfc6d4b" outcome="Passed" testListId="8c84fa94-04c1-424b-9868-57a2d4851a1d" relativeResultsDirectory="29f5ea91-622e-4ae2-92b1-ba3bf0ccb184" />
    <UnitTestResult executionId="5b6607cb-d04c-45d1-a560-9f57e404c072" testId="447cff29-4d3c-e239-4b18-1ea2df96f98d" testName="CoreForms.Ui.Tests.DockAndAnchorTests.Dock_TwoStepResize_ShouldWork" computerName="sirius" duration="00:00:00.0001265" startTime="2026-05-18T05:50:24.9297292+02:00" endTime="2026-05-18T05:50:24.9297292+02:00" testType="13cdc9d9-ddb5-4fa4-a97d-d965ccfc6d4b" outcome="Passed" testListId="8c84fa94-04c1-424b-9868-57a2d4851a1d" relativeResultsDirectory="5b6607cb-d04c-45d1-a560-9f57e404c072" />
    <UnitTestResult executionId="cb73a63a-2df8-4a57-95ae-ab07aef226e8" testId="1b27769b-7431-3cb9-9715-fd8e81cfd81c" testName="CoreForms.Ui.Tests.DockAndAnchorTests.Dock_Left_ShouldFillLeftEdge" computerName="sirius" duration="00:00:00.0068616" startTime="2026-05-18T05:50:24.8917169+02:00" endTime="2026-05-18T05:50:24.8917295+02:00" testType="13cdc9d9-ddb5-4fa4-a97d-d965ccfc6d4b" outcome="Passed" testListId="8c84fa94-04c1-424b-9868-57a2d4851a1d" relativeResultsDirectory="cb73a63a-2df8-4a57-95ae-ab07aef226e8" />
    <UnitTestResult executionId="a25215f2-acc4-4d0b-a5fa-898e853dadbe" testId="f3e592dd-460e-aca5-4254-65c1d263cb7e" testName="CoreForms.Ui.Tests.DockAndAnchorTests.Anchor_TopLeftRight_ShouldStretchHorizontally" computerName="sirius" duration="00:00:00.0001220" startTime="2026-05-18T05:50:24.9246576+02:00" endTime="2026-05-18T05:50:24.9246576+02:00" testType="13cdc9d9-ddb5-4fa4-a97d-d965ccfc6d4b" outcome="Passed" testListId="8c84fa94-04c1-424b-9868-57a2d4851a1d" relativeResultsDirectory="a25215f2-acc4-4d0b-a5fa-898e853dadbe" />
    <UnitTestResult executionId="bba1d49d-5c3a-47f3-a2d0-7c9c908f5b37" testId="96de49f1-c532-2496-8707-53205786697e" testName="CoreForms.Ui.Tests.ControlTests.Form_Focus_ShouldOnlyOneControlFocused" computerName="sirius" duration="00:00:00.0001002" startTime="2026-05-18T05:50:24.9319302+02:00" endTime="2026-05-18T05:50:24.9319302+02:00" testType="13cdc9d9-ddb5-4fa4-a97d-d965ccfc6d4b" outcome="Passed" testListId="8c84fa94-04c1-424b-9868-57a2d4851a1d" relativeResultsDirectory="bba1d49d-5c3a-47f3-a2d0-7c9c908f5b37" />
    <UnitTestResult executionId="55b4cd33-5629-4e59-ae21-a3ef778867b4" testId="cbd7f6e4-d565-e3fe-c75d-a581cdbcae60" testName="CoreForms.Ui.Tests.DataBindingTests.BindingSource_AddNew_AddsToList" computerName="sirius" duration="00:00:00.0007035" startTime="2026-05-18T05:50:24.9316860+02:00" endTime="2026-05-18T05:50:24.9316860+02:00" testType="13cdc9d9-ddb5-4fa4-a97d-d965ccfc6d4b" outcome="Passed" testListId="8c84fa94-04c1-424b-9868-57a2d4851a1d" relativeResultsDirectory="55b4cd33-5629-4e59-ae21-a3ef778867b4" />
    <UnitTestResult executionId="9f2d05d6-8549-4c7b-a42a-c506c9d8b176" testId="d7491999-116b-c1c2-a28d-3be3172ee74a" testName="CoreForms.Ui.Tests.DockAndAnchorTests.DockAndAnchor_MixedChildren_ShouldWorkCorrectly" computerName="sirius" duration="00:00:00.0002006" startTime="2026-05-18T05:50:24.9296783+02:00" endTime="2026-05-18T05:50:24.9296783+02:00" testType="13cdc9d9-ddb5-4fa4-a97d-d965ccfc6d4b" outcome="Passed" testListId="8c84fa94-04c1-424b-9868-57a2d4851a1d" relativeResultsDirectory="9f2d05d6-8549-4c7b-a42a-c506c9d8b176" />
    <UnitTestResult executionId="4ad7ff22-c00e-4f7c-9a84-2921ab924350" testId="a62c53a4-d896-2835-87f9-1c0b10103453" testName="CoreForms.Ui.Tests.ControlTests.RichTextEngine_GetFontStyleAtCursor_ReturnsCorrectStyle" computerName="sirius" duration="00:00:00.0196875" startTime="2026-05-18T05:50:24.9311449+02:00" endTime="2026-05-18T05:50:24.9311450+02:00" testType="13cdc9d9-ddb5-4fa4-a97d-d965ccfc6d4b" outcome="Passed" testListId="8c84fa94-04c1-424b-9868-57a2d4851a1d" relativeResultsDirectory="4ad7ff22-c00e-4f7c-9a84-2921ab924350" />
    <UnitTestResult executionId="8092643d-3a1b-4849-b7b4-996de20aaeca" testId="a5123e92-4760-cddc-7384-38ebd4094d4e" testName="CoreForms.Ui.Tests.ControlTests.DataGridView_OnKeyDown_Down_ShouldMoveSelection" computerName="sirius" duration="00:00:00.0010127" startTime="2026-05-18T05:50:24.9317224+02:00" endTime="2026-05-18T05:50:24.9317225+02:00" testType="13cdc9d9-ddb5-4fa4-a97d-d965ccfc6d4b" outcome="Passed" testListId="8c84fa94-04c1-424b-9868-57a2d4851a1d" relativeResultsDirectory="8092643d-3a1b-4849-b7b4-996de20aaeca" />
    <UnitTestResult executionId="58b9283c-ace0-40f9-a761-431583fc8de4" testId="d84c4ed7-aa00-991a-b236-e35ad954e141" testName="CoreForms.Ui.Tests.ControlTests.Control_Location_ShouldWork" computerName="sirius" duration="00:00:00.0015419" startTime="2026-05-18T05:50:24.9352851+02:00" endTime="2026-05-18T05:50:24.9352851+02:00" testType="13cdc9d9-ddb5-4fa4-a97d-d965ccfc6d4b" outcome="Passed" testListId="8c84fa94-04c1-424b-9868-57a2d4851a1d" relativeResultsDirectory="58b9283c-ace0-40f9-a761-431583fc8de4" />
    <UnitTestResult executionId="a1db4f7d-9607-4b72-ab81-911887e59400" testId="0b2cc2e8-aeba-0b16-6fdb-f362a12164b6" testName="CoreForms.Ui.Tests.DataBindingTests.ReflectionPropertyDescriptor_GetsAndSetsValue" computerName="sirius" duration="00:00:00.0002653" startTime="2026-05-18T05:50:24.9304189+02:00" endTime="2026-05-18T05:50:24.9304189+02:00" testType="13cdc9d9-ddb5-4fa4-a97d-d965ccfc6d4b" outcome="Passed" testListId="8c84fa94-04c1-424b-9868-57a2d4851a1d" relativeResultsDirectory="a1db4f7d-9607-4b72-ab81-911887e59400" />
    <UnitTestResult executionId="9769da44-2dbd-4182-b57f-22ab216dac33" testId="b043c1f8-042d-927a-2424-171c31586964" testName="CoreForms.Ui.Tests.DockAndAnchorTests.Anchor_LeftRight_ShouldStretchToFullWidth" computerName="sirius" duration="00:00:00.0001115" startTime="2026-05-18T05:50:24.9236719+02:00" endTime="2026-05-18T05:50:24.9236720+02:00" testType="13cdc9d9-ddb5-4fa4-a97d-d965ccfc6d4b" outcome="Passed" testListId="8c84fa94-04c1-424b-9868-57a2d4851a1d" relativeResultsDirectory="9769da44-2dbd-4182-b57f-22ab216dac33" />
    <UnitTestResult executionId="8e15448c-592c-494c-b98c-608c4d74685b" testId="e67d4a49-5f87-c556-4c27-ccafcfa407df" testName="CoreForms.Ui.Tests.DataBindingTests.BindingList_Remove_RaisesListChanged" computerName="sirius" duration="00:00:00.0070669" startTime="2026-05-18T05:50:24.8937524+02:00" endTime="2026-05-18T05:50:24.8937525+02:00" testType="13cdc9d9-ddb5-4fa4-a97d-d965ccfc6d4b" outcome="Passed" testListId="8c84fa94-04c1-424b-9868-57a2d4851a1d" relativeResultsDirectory="8e15448c-592c-494c-b98c-608c4d74685b" />
    <UnitTestResult executionId="e3b6ec04-1788-4305-a775-51ed7b631bc0" testId="b45a5a89-aac4-5034-451e-d9934f5c2e8e" testName="CoreForms.Ui.Tests.DockAndAnchorTests.Dock_Fill_ContainerResize_ShouldExpand" computerName="sirius" duration="00:00:00.0002397" startTime="2026-05-18T05:50:24.9242851+02:00" endTime="2026-05-18T05:50:24.9242851+02:00" testType="13cdc9d9-ddb5-4fa4-a97d-d965ccfc6d4b" outcome="Passed" testListId="8c84fa94-04c1-424b-9868-57a2d4851a1d" relativeResultsDirectory="e3b6ec04-1788-4305-a775-51ed7b631bc0" />
    <UnitTestResult executionId="83fc38f5-14e2-4c8a-b3d0-2da9408b9635" testId="df53a7bb-ea87-f17e-9604-3c776f9783fb" testName="CoreForms.Ui.Tests.DataBindingTests.Control_PropertyChanged_FiresOnEnabledChange" computerName="sirius" duration="00:00:00.0002067" startTime="2026-05-18T05:50:24.9303900+02:00" endTime="2026-05-18T05:50:24.9303900+02:00" testType="13cdc9d9-ddb5-4fa4-a97d-d965ccfc6d4b" outcome="Passed" testListId="8c84fa94-04c1-424b-9868-57a2d4851a1d" relativeResultsDirectory="83fc38f5-14e2-4c8a-b3d0-2da9408b9635" />
    <UnitTestResult executionId="09596f07-5fb1-4ed3-9105-58563a29b285" testId="1abea686-da07-267d-67f9-11c1a0b4717d" testName="CoreForms.Ui.Tests.DataBindingTests.BindingContext_CreatesCurrencyManagerForList" computerName="sirius" duration="00:00:00.0011522" startTime="2026-05-18T05:50:24.9232330+02:00" endTime="2026-05-18T05:50:24.9232331+02:00" testType="13cdc9d9-ddb5-4fa4-a97d-d965ccfc6d4b" outcome="Passed" testListId="8c84fa94-04c1-424b-9868-57a2d4851a1d" relativeResultsDirectory="09596f07-5fb1-4ed3-9105-58563a29b285" />
    <UnitTestResult executionId="e32fc57b-90fd-493c-b84c-59f45a7da7cf" testId="866cf49e-398f-cc7b-6ad3-2e6b3b640e42" testName="CoreForms.Ui.Tests.DataBindingTests.BindingSource_MoveNextAndCurrentChanges" computerName="sirius" duration="00:00:00.0002402" startTime="2026-05-18T05:50:24.9303134+02:00" endTime="2026-05-18T05:50:24.9303134+02:00" testType="13cdc9d9-ddb5-4fa4-a97d-d965ccfc6d4b" outcome="Passed" testListId="8c84fa94-04c1-424b-9868-57a2d4851a1d" relativeResultsDirectory="e32fc57b-90fd-493c-b84c-59f45a7da7cf" />
    <UnitTestResult executionId="89560ecd-0424-4fb6-9ed7-5ea73a326b10" testId="c7e4c382-b36a-ce8d-cad3-a3e5f6f230c4" testName="CoreForms.Ui.Tests.ControlTests.Form_Tab_ShouldRespectTabIndex" computerName="sirius" duration="00:00:00.0002412" startTime="2026-05-18T05:50:24.9370682+02:00" endTime="2026-05-18T05:50:24.9370683+02:00" testType="13cdc9d9-ddb5-4fa4-a97d-d965ccfc6d4b" outcome="Passed" testListId="8c84fa94-04c1-424b-9868-57a2d4851a1d" relativeResultsDirectory="89560ecd-0424-4fb6-9ed7-5ea73a326b10" />
    <UnitTestResult executionId="740c9f36-1781-45fe-860d-ed29491c36c5" testId="62960485-9364-9e05-04db-98424743eb54" testName="CoreForms.Ui.Tests.DataBindingTests.Binding_TwoWay_SourceChangeUpdatesControl" computerName="sirius" duration="00:00:00.0076977" startTime="2026-05-18T05:50:24.9297448+02:00" endTime="2026-05-18T05:50:24.9297448+02:00" testType="13cdc9d9-ddb5-4fa4-a97d-d965ccfc6d4b" outcome="Passed" testListId="8c84fa94-04c1-424b-9868-57a2d4851a1d" relativeResultsDirectory="740c9f36-1781-45fe-860d-ed29491c36c5" />
    <UnitTestResult executionId="8bdffb96-389f-45e1-baff-6b19663c2fea" testId="c46b7af2-10ab-954c-cbcd-60377b489580" testName="CoreForms.Ui.Tests.DataBindingTests.ListBox_ListChanged_AddsNewItem" computerName="sirius" duration="00:00:00.0001587" startTime="2026-05-18T05:50:24.9299563+02:00" endTime="2026-05-18T05:50:24.9299563+02:00" testType="13cdc9d9-ddb5-4fa4-a97d-d965ccfc6d4b" outcome="Passed" testListId="8c84fa94-04c1-424b-9868-57a2d4851a1d" relativeResultsDirectory="8bdffb96-389f-45e1-baff-6b19663c2fea" />
    <UnitTestResult executionId="87c90fcc-3e88-42c6-a268-d2920b02b720" testId="c51818e8-404b-912d-67cf-b055215bbe92" testName="CoreForms.Ui.Tests.DockAndAnchorTests.SuspendLayout_WithoutResume_ShouldNotProcessLayout" computerName="sirius" duration="00:00:00.0000854" startTime="2026-05-18T05:50:24.9246031+02:00" endTime="2026-05-18T05:50:24.9246031+02:00" testType="13cdc9d9-ddb5-4fa4-a97d-d965ccfc6d4b" outcome="Passed" testListId="8c84fa94-04c1-424b-9868-57a2d4851a1d" relativeResultsDirectory="87c90fcc-3e88-42c6-a268-d2920b02b720" />
    <UnitTestResult executionId="dfed555d-90e0-432c-8cc0-e8c3442c8f3d" testId="32ca10d9-1963-f6f7-84b7-261d2626be9f" testName="CoreForms.Ui.Tests.DockAndAnchorTests.SuspendLayout_ResumeLayout_ShouldBatchUpdates" computerName="sirius" duration="00:00:00.0001312" startTime="2026-05-18T05:50:24.9246394+02:00" endTime="2026-05-18T05:50:24.9246394+02:00" testType="13cdc9d9-ddb5-4fa4-a97d-d965ccfc6d4b" outcome="Passed" testListId="8c84fa94-04c1-424b-9868-57a2d4851a1d" relativeResultsDirectory="dfed555d-90e0-432c-8cc0-e8c3442c8f3d" />
    <UnitTestResult executionId="63bd1d6c-5d66-429c-8855-b5f39aab9ce7" testId="d0e82723-44d7-655b-4329-9032a58be8c1" testName="CoreForms.Ui.Tests.DataBindingTests.Control_PropertyChanged_DoesNotFireWhenValueUnchanged" computerName="sirius" duration="00:00:00.0001256" startTime="2026-05-18T05:50:24.9299883+02:00" endTime="2026-05-18T05:50:24.9299883+02:00" testType="13cdc9d9-ddb5-4fa4-a97d-d965ccfc6d4b" outcome="Passed" testListId="8c84fa94-04c1-424b-9868-57a2d4851a1d" relativeResultsDirectory="63bd1d6c-5d66-429c-8855-b5f39aab9ce7" />
    <UnitTestResult executionId="c1c57605-951c-45e5-864e-d6fad5c84258" testId="ebcc1a1e-e7a2-f26c-5315-bc4b32067ed4" testName="CoreForms.Ui.Tests.DataBindingTests.ListBox_Selection_UpdatesBoundControlsViaBindingSource" computerName="sirius" duration="00:00:00.0013512" startTime="2026-05-18T05:50:24.9303750+02:00" endTime="2026-05-18T05:50:24.9303750+02:00" testType="13cdc9d9-ddb5-4fa4-a97d-d965ccfc6d4b" outcome="Passed" testListId="8c84fa94-04c1-424b-9868-57a2d4851a1d" relativeResultsDirectory="c1c57605-951c-45e5-864e-d6fad5c84258" />
    <UnitTestResult executionId="84483a25-db17-4ead-b8b7-2551bf9d13cf" testId="b0817a87-883d-fb90-260d-3b9f11e7b4d8" testName="CoreForms.Ui.Tests.SpinnerTests.Spinner_ActiveFalse_ShouldFireActiveChanged" computerName="sirius" duration="00:00:00.0010212" startTime="2026-05-18T05:50:24.8950429+02:00" endTime="2026-05-18T05:50:24.8950430+02:00" testType="13cdc9d9-ddb5-4fa4-a97d-d965ccfc6d4b" outcome="Passed" testListId="8c84fa94-04c1-424b-9868-57a2d4851a1d" relativeResultsDirectory="84483a25-db17-4ead-b8b7-2551bf9d13cf" />
    <UnitTestResult executionId="3c640e9c-f71f-4ae8-bd86-9204a09fa9e4" testId="0fad6b23-4f5c-8af4-1c77-a4d5ee92c113" testName="CoreForms.Ui.Tests.ControlTests.Form_ShiftTab_ShouldWrapAround" computerName="sirius" duration="00:00:00.0001314" startTime="2026-05-18T05:50:24.9312999+02:00" endTime="2026-05-18T05:50:24.9312999+02:00" testType="13cdc9d9-ddb5-4fa4-a97d-d965ccfc6d4b" outcome="Passed" testListId="8c84fa94-04c1-424b-9868-57a2d4851a1d" relativeResultsDirectory="3c640e9c-f71f-4ae8-bd86-9204a09fa9e4" />
    <UnitTestResult executionId="b770daa7-48ae-4225-a652-a27c98613f66" testId="529f1028-379d-3fb7-23ba-9ba0ae7ed434" testName="CoreForms.Ui.Tests.ControlTests.Button_OnKeyDown_Space_ShouldFireClick" computerName="sirius" duration="00:00:00.0001231" startTime="2026-05-18T05:50:24.9363346+02:00" endTime="2026-05-18T05:50:24.9363346+02:00" testType="13cdc9d9-ddb5-4fa4-a97d-d965ccfc6d4b" outcome="Passed" testListId="8c84fa94-04c1-424b-9868-57a2d4851a1d" relativeResultsDirectory="b770daa7-48ae-4225-a652-a27c98613f66" />
    <UnitTestResult executionId="cd7aaa5d-64c3-4951-8e92-4cbc2f464a51" testId="5ffb7eb8-301e-0db2-2ec3-a3cf9ce5674a" testName="CoreForms.Ui.Tests.ControlTests.Control_Focused_ShouldFireLostFocusEvent" computerName="sirius" duration="00:00:00.0001917" startTime="2026-05-18T05:50:24.9319116+02:00" endTime="2026-05-18T05:50:24.9319116+02:00" testType="13cdc9d9-ddb5-4fa4-a97d-d965ccfc6d4b" outcome="Passed" testListId="8c84fa94-04c1-424b-9868-57a2d4851a1d" relativeResultsDirectory="cd7aaa5d-64c3-4951-8e92-4cbc2f464a51" />
    <UnitTestResult executionId="5bcd660c-896a-44e7-9f45-7a3aa3ee4b1f" testId="13a73c42-9dec-ac1b-4df9-d378731d2542" testName="CoreForms.Ui.Tests.ControlTests.ComboBox_Items_ShouldWork" computerName="sirius" duration="00:00:00.0000878" startTime="2026-05-18T05:50:24.9396070+02:00" endTime="2026-05-18T05:50:24.9396070+02:00" testType="13cdc9d9-ddb5-4fa4-a97d-d965ccfc6d4b" outcome="Passed" testListId="8c84fa94-04c1-424b-9868-57a2d4851a1d" relativeResultsDirectory="5bcd660c-896a-44e7-9f45-7a3aa3ee4b1f" />
    <UnitTestResult executionId="6218c05d-edfd-4b56-8e5c-2b3243905b26" testId="44831821-dceb-8c32-ccaa-561cd360e1af" testName="CoreForms.Ui.Tests.ControlTests.ProgressBar_Value_ShouldBeClamped" computerName="sirius" duration="00:00:00.0003797" startTime="2026-05-18T05:50:24.9357034+02:00" endTime="2026-05-18T05:50:24.9357034+02:00" testType="13cdc9d9-ddb5-4fa4-a97d-d965ccfc6d4b" outcome="Passed" testListId="8c84fa94-04c1-424b-9868-57a2d4851a1d" relativeResultsDirectory="6218c05d-edfd-4b56-8e5c-2b3243905b26" />
    <UnitTestResult executionId="0c7283ec-a11c-4235-b45b-b5ffd453115e" testId="633cff6b-6e67-44c0-2fdc-f284857c659b" testName="CoreForms.Ui.Tests.ControlTests.CheckBox_OnKeyDown_Space_ShouldSetHandled" computerName="sirius" duration="00:00:00.0000743" startTime="2026-05-18T05:50:24.9361494+02:00" endTime="2026-05-18T05:50:24.9361495+02:00" testType="13cdc9d9-ddb5-4fa4-a97d-d965ccfc6d4b" outcome="Passed" testListId="8c84fa94-04c1-424b-9868-57a2d4851a1d" relativeResultsDirectory="0c7283ec-a11c-4235-b45b-b5ffd453115e" />
    <UnitTestResult executionId="bb06d2aa-d93f-4ed3-8cbc-600888980b5c" testId="44f6ecae-0519-ea15-44a2-e985ca34e020" testName="CoreForms.Ui.Tests.DataBindingTests.BindingSource_DataSourceChanged_ResetsPosition" computerName="sirius" duration="00:00:00.0002567" startTime="2026-05-18T05:50:24.9306645+02:00" endTime="2026-05-18T05:50:24.9306645+02:00" testType="13cdc9d9-ddb5-4fa4-a97d-d965ccfc6d4b" outcome="Passed" testListId="8c84fa94-04c1-424b-9868-57a2d4851a1d" relativeResultsDirectory="bb06d2aa-d93f-4ed3-8cbc-600888980b5c" />
    <UnitTestResult executionId="67dffb45-d2f3-4475-90ee-722371ed7c7c" testId="d4fa93ed-5c9f-b29f-d84f-8880ba2bf261" testName="CoreForms.Ui.Tests.DockAndAnchorTests.Anchor_BottomLeft_ShouldMoveWithBottomEdge" computerName="sirius" duration="00:00:00.0001488" startTime="2026-05-18T05:50:24.9237333+02:00" endTime="2026-05-18T05:50:24.9237333+02:00" testType="13cdc9d9-ddb5-4fa4-a97d-d965ccfc6d4b" outcome="Passed" testListId="8c84fa94-04c1-424b-9868-57a2d4851a1d" relativeResultsDirectory="67dffb45-d2f3-4475-90ee-722371ed7c7c" />
    <UnitTestResult executionId="b64c57c0-29ea-4aeb-a4c1-e83de358cdf1" testId="b5775a2a-5d36-885a-8c4f-76f182409605" testName="CoreForms.Ui.Tests.DataBindingTests.BindingList_ItemPropertyChange_RaisesItemChanged" computerName="sirius" duration="00:00:00.0006802" startTime="2026-05-18T05:50:24.9318996+02:00" endTime="2026-05-18T05:50:24.9318996+02:00" testType="13cdc9d9-ddb5-4fa4-a97d-d965ccfc6d4b" outcome="Passed" testListId="8c84fa94-04c1-424b-9868-57a2d4851a1d" relativeResultsDirectory="b64c57c0-29ea-4aeb-a4c1-e83de358cdf1" />
    <UnitTestResult executionId="050ec059-ac2e-4409-b57c-83f565609515" testId="c8e08ef7-fb3b-8228-099a-fe98318ca35e" testName="CoreForms.Ui.Tests.SpinnerTests.Spinner_Active_ShouldFireActiveChanged" computerName="sirius" duration="00:00:00.0001709" startTime="2026-05-18T05:50:24.9219547+02:00" endTime="2026-05-18T05:50:24.9219547+02:00" testType="13cdc9d9-ddb5-4fa4-a97d-d965ccfc6d4b" outcome="Passed" testListId="8c84fa94-04c1-424b-9868-57a2d4851a1d" relativeResultsDirectory="050ec059-ac2e-4409-b57c-83f565609515" />
    <UnitTestResult executionId="12ce5320-a01e-407e-a883-2ab91b6277b6" testId="93b0342a-9654-1422-dd9c-26410358ec4e" testName="CoreForms.Ui.Tests.DockAndAnchorTests.Dock_TopThenLeft_ShouldReduceAvailableArea" computerName="sirius" duration="00:00:00.0001966" startTime="2026-05-18T05:50:24.9242466+02:00" endTime="2026-05-18T05:50:24.9242466+02:00" testType="13cdc9d9-ddb5-4fa4-a97d-d965ccfc6d4b" outcome="Passed" testListId="8c84fa94-04c1-424b-9868-57a2d4851a1d" relativeResultsDirectory="12ce5320-a01e-407e-a883-2ab91b6277b6" />
    <UnitTestResult executionId="f26bd681-e855-4447-8a02-6a538bc4c375" testId="7f4b1f85-b013-6c8e-e401-a5ca10af2266" testName="CoreForms.Ui.Tests.DockAndAnchorTests.Anchor_All_ShouldStretchBothDirections" computerName="sirius" duration="00:00:00.0001102" startTime="2026-05-18T05:50:24.9243721+02:00" endTime="2026-05-18T05:50:24.9243722+02:00" testType="13cdc9d9-ddb5-4fa4-a97d-d965ccfc6d4b" outcome="Passed" testListId="8c84fa94-04c1-424b-9868-57a2d4851a1d" relativeResultsDirectory="f26bd681-e855-4447-8a02-6a538bc4c375" />
    <UnitTestResult executionId="6651c59d-22d4-4e73-8176-81379077d5e2" testId="2a0cf26a-947f-7d8e-46cb-32693947b3cf" testName="CoreForms.Ui.Tests.ControlTests.Form_Tab_ShouldMoveFocusToNextControl" computerName="sirius" duration="00:00:00.0001399" startTime="2026-05-18T05:50:24.9311777+02:00" endTime="2026-05-18T05:50:24.9311778+02:00" testType="13cdc9d9-ddb5-4fa4-a97d-d965ccfc6d4b" outcome="Passed" testListId="8c84fa94-04c1-424b-9868-57a2d4851a1d" relativeResultsDirectory="6651c59d-22d4-4e73-8176-81379077d5e2" />
    <UnitTestResult executionId="7cd98d6a-ac42-480a-9979-041fcc865ea9" testId="0e2cbda1-fa79-a457-9875-05ca34b76889" testName="CoreForms.Ui.Tests.DockAndAnchorTests.Padding_Struct_AllEqual" computerName="sirius" duration="00:00:00.0000948" startTime="2026-05-18T05:50:24.9296592+02:00" endTime="2026-05-18T05:50:24.9296593+02:00" testType="13cdc9d9-ddb5-4fa4-a97d-d965ccfc6d4b" outcome="Passed" testListId="8c84fa94-04c1-424b-9868-57a2d4851a1d" relativeResultsDirectory="7cd98d6a-ac42-480a-9979-041fcc865ea9" />
    <UnitTestResult executionId="1ce483ac-a74d-4f46-ac85-868dea817974" testId="3261c935-7652-e97c-53b1-7c5b438af119" testName="CoreForms.Ui.Tests.ControlTests.Button_Click_ShouldFireEvent" computerName="sirius" duration="00:00:00.0001167" startTime="2026-05-18T05:50:24.9392402+02:00" endTime="2026-05-18T05:50:24.9392402+02:00" testType="13cdc9d9-ddb5-4fa4-a97d-d965ccfc6d4b" outcome="Passed" testListId="8c84fa94-04c1-424b-9868-57a2d4851a1d" relativeResultsDirectory="1ce483ac-a74d-4f46-ac85-868dea817974" />
    <UnitTestResult executionId="4062256e-7925-4365-b7b2-ab70b1b6f796" testId="4092f00e-bb97-6172-b78c-1250f0643cd7" testName="CoreForms.Ui.Tests.SpinnerTests.Spinner_DotCount_ShouldAllowValidValues" computerName="sirius" duration="00:00:00.0001383" startTime="2026-05-18T05:50:24.9218159+02:00" endTime="2026-05-18T05:50:24.9218159+02:00" testType="13cdc9d9-ddb5-4fa4-a97d-d965ccfc6d4b" outcome="Passed" testListId="8c84fa94-04c1-424b-9868-57a2d4851a1d" relativeResultsDirectory="4062256e-7925-4365-b7b2-ab70b1b6f796" />
    <UnitTestResult executionId="c4f869e6-e033-4a61-a9a6-ee1354d9f747" testId="caa03d3a-4e7f-4707-fd33-64aabf58b6ce" testName="CoreForms.Ui.Tests.DockAndAnchorTests.DockFill_NestedPanel_Resize_ShouldUpdateAnchoredChildren" computerName="sirius" duration="00:00:00.0002594" startTime="2026-05-18T05:50:24.9236948+02:00" endTime="2026-05-18T05:50:24.9236949+02:00" testType="13cdc9d9-ddb5-4fa4-a97d-d965ccfc6d4b" outcome="Passed" testListId="8c84fa94-04c1-424b-9868-57a2d4851a1d" relativeResultsDirectory="c4f869e6-e033-4a61-a9a6-ee1354d9f747" />
    <UnitTestResult executionId="75b178c1-a36b-47af-beab-d10aee368250" testId="b21fbd50-43c9-abe9-a13b-fb4450ac8caf" testName="CoreForms.Ui.Tests.DockAndAnchorTests.Dock_Top_ShouldFillTopEdge" computerName="sirius" duration="00:00:00.0001587" startTime="2026-05-18T05:50:24.9239880+02:00" endTime="2026-05-18T05:50:24.9239880+02:00" testType="13cdc9d9-ddb5-4fa4-a97d-d965ccfc6d4b" outcome="Passed" testListId="8c84fa94-04c1-424b-9868-57a2d4851a1d" relativeResultsDirectory="75b178c1-a36b-47af-beab-d10aee368250" />
    <UnitTestResult executionId="c8c41019-5de3-4869-9ce1-f75445700ad3" testId="64bfe1b2-0bdc-1519-1431-64975bb20ce5" testName="CoreForms.Ui.Tests.ControlTests.ListBox_SelectedIndex_ShouldUpdate" computerName="sirius" duration="00:00:00.0001841" startTime="2026-05-18T05:50:24.9326217+02:00" endTime="2026-05-18T05:50:24.9326217+02:00" testType="13cdc9d9-ddb5-4fa4-a97d-d965ccfc6d4b" outcome="Passed" testListId="8c84fa94-04c1-424b-9868-57a2d4851a1d" relativeResultsDirectory="c8c41019-5de3-4869-9ce1-f75445700ad3" />
    <UnitTestResult executionId="94c9fb16-c0b2-4bf5-a9d5-ffe83f9e79d8" testId="73af86c0-57b5-3af4-085c-e7cc47e3d2fa" testName="CoreForms.Ui.Tests.ControlTests.ListBox_OnKeyDown_End_ShouldMoveToLast" computerName="sirius" duration="00:00:00.0004312" startTime="2026-05-18T05:50:24.9312079+02:00" endTime="2026-05-18T05:50:24.9312079+02:00" testType="13cdc9d9-ddb5-4fa4-a97d-d965ccfc6d4b" outcome="Passed" testListId="8c84fa94-04c1-424b-9868-57a2d4851a1d" relativeResultsDirectory="94c9fb16-c0b2-4bf5-a9d5-ffe83f9e79d8" />
    <UnitTestResult executionId="d095bebc-827b-4742-b371-0acf2f2b8ec7" testId="7c98c2c7-8f31-b0c0-3898-12d725d3e6c8" testName="CoreForms.Ui.Tests.ControlTests.Control_Bounds_ShouldInitializeCorrectly" computerName="sirius" duration="00:00:00.0000810" startTime="2026-05-18T05:50:24.9387936+02:00" endTime="2026-05-18T05:50:24.9387936+02:00" testType="13cdc9d9-ddb5-4fa4-a97d-d965ccfc6d4b" outcome="Passed" testListId="8c84fa94-04c1-424b-9868-57a2d4851a1d" relativeResultsDirectory="d095bebc-827b-4742-b371-0acf2f2b8ec7" />
  </Results>
  <TestDefinitions>
    <UnitTest name="CoreForms.Ui.Tests.DockAndAnchorTests.Dock_Top_ShouldFillTopEdge" storage="/home/rainbird/riderprojects/coreforms.ui/tests/coreforms.ui.tests/bin/debug/net10.0/coreforms.ui.tests.dll" id="b21fbd50-43c9-abe9-a13b-fb4450ac8caf">
      <Execution id="75b178c1-a36b-47af-beab-d10aee368250" />
      <TestMethod codeBase="/home/rainbird/RiderProjects/CoreForms.Ui/tests/CoreForms.Ui.Tests/bin/Debug/net10.0/CoreForms.Ui.Tests.dll" adapterTypeName="executor://xunit/VsTestRunner2/netcoreapp" className="CoreForms.Ui.Tests.DockAndAnchorTests" name="Dock_Top_ShouldFillTopEdge" />
    </UnitTest>
    <UnitTest name="CoreForms.Ui.Tests.DataBindingTests.CurrencyManager_MoveNext" storage="/home/rainbird/riderprojects/coreforms.ui/tests/coreforms.ui.tests/bin/debug/net10.0/coreforms.ui.tests.dll" id="b0c32a8b-960c-ef69-f99d-0139181b99b6">
      <Execution id="270cf6ab-8bcf-4ec5-9c2a-8ea672ffa30c" />
[...]
    <TestEntry testId="2904c750-da42-34e0-c21b-59572c7260cb" executionId="03eb566e-2d35-457a-a385-bd3736672f83" testListId="8c84fa94-04c1-424b-9868-57a2d4851a1d" />
    <TestEntry testId="acda7dde-448c-5ddf-b8a6-4b6c4fb6eac9" executionId="f52ffe3a-3c0d-4e34-aa18-8344f613535d" testListId="8c84fa94-04c1-424b-9868-57a2d4851a1d" />
    <TestEntry testId="a5364ccd-4d51-4c35-e17d-623355c5d340" executionId="eb78d457-ea6a-4b46-9466-7de71554f0b5" testListId="8c84fa94-04c1-424b-9868-57a2d4851a1d" />
    <TestEntry testId="0b94c931-11fe-db9c-dcbe-2a9416c14f39" executionId="7f10fc60-0ac2-4ee1-9f10-f80f9063f938" testListId="8c84fa94-04c1-424b-9868-57a2d4851a1d" />
    <TestEntry testId="fdc6d9fb-30a8-e37f-446d-0fa70ed32214" executionId="69a42837-ed0b-4055-ba04-f49f14e6628d" testListId="8c84fa94-04c1-424b-9868-57a2d4851a1d" />
    <TestEntry testId="eb09af34-511d-79e6-847c-6603d7968b36" executionId="b0065a82-f6ec-4afa-912d-c41a54358f89" testListId="8c84fa94-04c1-424b-9868-57a2d4851a1d" />
    <TestEntry testId="f185bfee-4a90-23aa-6d8c-d9d871279ecc" executionId="5e7cc6af-6008-4255-8fb9-07f2a154c99e" testListId="8c84fa94-04c1-424b-9868-57a2d4851a1d" />
    <TestEntry testId="c0d94d83-8f7a-8d6b-513e-2378a5a71bd2" executionId="80ec8d94-8ee7-4c6f-b83c-f1b9280f8e45" testListId="8c84fa94-04c1-424b-9868-57a2d4851a1d" />
    <TestEntry testId="9725ed33-e402-28a3-30ab-08332d87f921" executionId="3ca74459-b47c-4c82-80ee-11c939b761fb" testListId="8c84fa94-04c1-424b-9868-57a2d4851a1d" />
    <TestEntry testId="8cf28d66-18eb-8151-b4e2-240638235fd6" executionId="c506aa3c-f530-48fe-b111-9e66c4f74081" testListId="8c84fa94-04c1-424b-9868-57a2d4851a1d" />
    <TestEntry testId="806b886b-4cd8-46f1-eb8d-6ee4985ad12c" executionId="baa22d3a-8cf5-4a73-bbd3-e036f09a490c" testListId="8c84fa94-04c1-424b-9868-57a2d4851a1d" />
    <TestEntry testId="56c184d8-f32a-e92a-3efa-3a1d4cdbcaff" executionId="6599e46b-d9af-4c41-9751-ebdacc24590f" testListId="8c84fa94-04c1-424b-9868-57a2d4851a1d" />
    <TestEntry testId="f3a2d1ba-f68f-83de-f258-409192b66251" executionId="3ec6a8df-c0ec-4c47-aa5a-c0f23cbc695d" testListId="8c84fa94-04c1-424b-9868-57a2d4851a1d" />
    <TestEntry testId="f760bf34-be15-13f8-026b-322bdbfe7009" executionId="9159fe13-6487-4d9d-8f59-990ba06bbd57" testListId="8c84fa94-04c1-424b-9868-57a2d4851a1d" />
    <TestEntry testId="416a022e-a680-6dc8-190b-3557c5be3277" executionId="14356c1d-4a39-48cc-8668-d3117a2536f2" testListId="8c84fa94-04c1-424b-9868-57a2d4851a1d" />
    <TestEntry testId="cc9e9d21-b6bc-1161-85b8-acbe70ac130c" executionId="cc622d11-72f5-4b3d-ae06-1fecb9c528be" testListId="8c84fa94-04c1-424b-9868-57a2d4851a1d" />
    <TestEntry testId="053dfd26-e79c-717d-95ad-d9e9c6bf10a8" executionId="f5db6eb4-c16d-4b01-a4ca-2993cf6b6e7f" testListId="8c84fa94-04c1-424b-9868-57a2d4851a1d" />
    <TestEntry testId="1dbefa0f-cd6f-103f-8b5b-e17c27313112" executionId="3596c906-83e9-48aa-9935-859252c5b8e8" testListId="8c84fa94-04c1-424b-9868-57a2d4851a1d" />
    <TestEntry testId="6242c86a-b26e-ac12-4a6f-b73b731bd515" executionId="cb7ba0ea-e3fa-4e5b-b2e5-f916adc31026" testListId="8c84fa94-04c1-424b-9868-57a2d4851a1d" />
    <TestEntry testId="d4e5ecc1-3b68-03e8-5fec-d7087685ae42" executionId="be02fdd0-9451-4c53-b746-1a749aa033ca" testListId="8c84fa94-04c1-424b-9868-57a2d4851a1d" />
    <TestEntry testId="a11d06f4-3a58-fcbc-3456-5a81caa6d23a" executionId="47d65ec7-8b51-48bc-8285-4e643ebcc57d" testListId="8c84fa94-04c1-424b-9868-57a2d4851a1d" />
    <TestEntry testId="25c18603-966c-135c-5698-17cac27bd9f3" executionId="0431814a-51d7-492b-95bd-fd8edc9ea876" testListId="8c84fa94-04c1-424b-9868-57a2d4851a1d" />
    <TestEntry testId="091d827b-8a5a-756a-da55-6197601fcbd0" executionId="f7b59b82-67be-4650-8c72-88eb0655a06b" testListId="8c84fa94-04c1-424b-9868-57a2d4851a1d" />
    <TestEntry testId="c3db93bb-598f-ced4-3d68-7f992f8aa6d7" executionId="91cb3e1f-40a3-4060-b732-e8b7e1a17fa5" testListId="8c84fa94-04c1-424b-9868-57a2d4851a1d" />
    <TestEntry testId="6e8baf0f-4707-13ec-0e92-b5c1ac96a79f" executionId="bd3ff236-4d92-4483-a180-b6582d0ae8c2" testListId="8c84fa94-04c1-424b-9868-57a2d4851a1d" />
    <TestEntry testId="1e9a53d1-399b-f19d-9e80-8bb681cea35c" executionId="ff4e9049-700a-4651-b9cf-493716caf2d3" testListId="8c84fa94-04c1-424b-9868-57a2d4851a1d" />
    <TestEntry testId="374b6c03-e13b-5688-c274-57394d1f7357" executionId="888ba5aa-ed1c-4a02-8ce0-aa4d48c910d2" testListId="8c84fa94-04c1-424b-9868-57a2d4851a1d" />
    <TestEntry testId="4b76752d-bec3-705c-7b31-bfe3d13a2b0e" executionId="e1f8076b-865a-4a35-aac2-a6164291daca" testListId="8c84fa94-04c1-424b-9868-57a2d4851a1d" />
    <TestEntry testId="f44b9ea4-ad5d-130f-a7ee-0458522ee3f9" executionId="e29dedf2-d697-4229-939e-6aa70a246a58" testListId="8c84fa94-04c1-424b-9868-57a2d4851a1d" />
    <TestEntry testId="65b60531-0ad8-ba49-dad7-ff7edfe5df57" executionId="bab5db8b-73fb-4476-b77d-91cebca1350d" testListId="8c84fa94-04c1-424b-9868-57a2d4851a1d" />
    <TestEntry testId="23c947e7-b88d-ff91-da51-25192a86aee1" executionId="93cea069-1f2f-4612-89dd-d0f8feaa3bd8" testListId="8c84fa94-04c1-424b-9868-57a2d4851a1d" />
    <TestEntry testId="a246acf3-d83d-a252-56e9-cc24f97cd607" executionId="ecdb49ba-d129-423d-b142-7226b601d5d0" testListId="8c84fa94-04c1-424b-9868-57a2d4851a1d" />
    <TestEntry testId="c07d947c-2231-7f9b-799a-fdda85b0c839" executionId="1ab82d18-4031-43d7-85d9-ec4946a543a1" testListId="8c84fa94-04c1-424b-9868-57a2d4851a1d" />
    <TestEntry testId="1c0f6e95-463e-b23f-96ca-34872209eda8" executionId="0271950a-384f-4e46-9416-444293d7a089" testListId="8c84fa94-04c1-424b-9868-57a2d4851a1d" />
    <TestEntry testId="09671850-885c-02b9-b7f0-0a0ea96cdf22" executionId="cd5210a9-8017-469e-9bf0-0ea6f4d880d6" testListId="8c84fa94-04c1-424b-9868-57a2d4851a1d" />
    <TestEntry testId="4bf31e63-9718-56ba-8f26-adb1f973ce09" executionId="2aa33d04-8c37-4e26-a014-f91d5e420985" testListId="8c84fa94-04c1-424b-9868-57a2d4851a1d" />
    <TestEntry testId="ddb4ed26-c606-93d5-465d-84ba3a35eda5" executionId="64a2f511-8ab6-4ed5-a5f3-6dfbe089d931" testListId="8c84fa94-04c1-424b-9868-57a2d4851a1d" />
    <TestEntry testId="b734bb66-d856-47cc-97aa-754d5c05b923" executionId="49d978b5-8b77-4943-a03f-99c97f46729e" testListId="8c84fa94-04c1-424b-9868-57a2d4851a1d" />
    <TestEntry testId="52120de5-2681-1ee3-0e1d-c86235b4072f" executionId="5923d0c9-0bc6-445f-a424-17b3fddb4618" testListId="8c84fa94-04c1-424b-9868-57a2d4851a1d" />
    <TestEntry testId="e135d6ec-c174-efbc-8108-0d5a4876743d" executionId="d63c046d-c8d1-48e1-8e63-f025627b064c" testListId="8c84fa94-04c1-424b-9868-57a2d4851a1d" />
    <TestEntry testId="52e00443-8721-d882-eed7-64bf538c372a" executionId="61cbee3a-425a-45bd-b412-cc723d4ffaae" testListId="8c84fa94-04c1-424b-9868-57a2d4851a1d" />
    <TestEntry testId="f1ec0cc9-27e3-05cf-710a-b4c3723d91ea" executionId="1d5a5994-d216-4f7e-9539-19dfea267c0e" testListId="8c84fa94-04c1-424b-9868-57a2d4851a1d" />
    <TestEntry testId="c60aa40e-e745-7404-131b-49d1cd1b2d9d" executionId="a163d38a-33bf-40cd-b04e-f151871f3541" testListId="8c84fa94-04c1-424b-9868-57a2d4851a1d" />
    <TestEntry testId="e02ba48d-0942-56e8-79cd-306bb1bd4125" executionId="5b7dd2bb-ce12-4e88-b208-eeaa0b0b5adf" testListId="8c84fa94-04c1-424b-9868-57a2d4851a1d" />
    <TestEntry testId="b0c32a8b-960c-ef69-f99d-0139181b99b6" executionId="270cf6ab-8bcf-4ec5-9c2a-8ea672ffa30c" testListId="8c84fa94-04c1-424b-9868-57a2d4851a1d" />
    <TestEntry testId="e048fb94-bec6-aaf4-ca11-5cffb03c46eb" executionId="da60a88e-4ad0-46ae-a645-6a198d46594b" testListId="8c84fa94-04c1-424b-9868-57a2d4851a1d" />
    <TestEntry testId="f33bf466-ce45-4240-edab-2bc7f80d3c66" executionId="440e8dc6-9cfa-4459-bcbf-5724d56ed925" testListId="8c84fa94-04c1-424b-9868-57a2d4851a1d" />
    <TestEntry testId="9974cbdb-1b80-32ee-a3ef-ecbf4c7d43ee" executionId="db9411a8-13f4-48d5-b61f-aff3de90ddb7" testListId="8c84fa94-04c1-424b-9868-57a2d4851a1d" />
    <TestEntry testId="9f4c77ed-9d56-4316-16ac-3ff764d696cf" executionId="33cf1677-a8ff-4497-9dec-11e258135528" testListId="8c84fa94-04c1-424b-9868-57a2d4851a1d" />
    <TestEntry testId="85a85015-09fc-8637-f69d-c885a566cdfc" executionId="1c1d77bc-b0a0-443f-ac98-7dacf7a019cf" testListId="8c84fa94-04c1-424b-9868-57a2d4851a1d" />
    <TestEntry testId="03da8256-c965-76db-92d1-0b62da05be75" executionId="a0c543f8-9d04-4a2c-9c95-af7db519e0d8" testListId="8c84fa94-04c1-424b-9868-57a2d4851a1d" />
    <TestEntry testId="6cb1c428-7a36-430c-93e9-d3125b86fe1c" executionId="6eb3b859-c557-4604-908e-f26ae1dbd021" testListId="8c84fa94-04c1-424b-9868-57a2d4851a1d" />
    <TestEntry testId="0e3c25bd-21e0-e9da-11e8-1b96ddf24532" executionId="1d26f572-3500-462e-9f08-593728b9ae2e" testListId="8c84fa94-04c1-424b-9868-57a2d4851a1d" />
    <TestEntry testId="b7fd6ec8-e4f3-4575-689b-fc6ff901d44d" executionId="263d8536-2bfa-4360-af4a-51604fbd5159" testListId="8c84fa94-04c1-424b-9868-57a2d4851a1d" />
    <TestEntry testId="ee4b0a3e-79a3-1840-704d-159b5ad0465f" executionId="f3529468-aebc-4f51-815a-f0d74a1c2fb5" testListId="8c84fa94-04c1-424b-9868-57a2d4851a1d" />
    <TestEntry testId="caa01989-7b3b-6c95-0920-cdf4fd3b3997" executionId="8954dc81-cfc4-4bdf-9d3e-b6bc584a5c8c" testListId="8c84fa94-04c1-424b-9868-57a2d4851a1d" />
    <TestEntry testId="854e50e3-397f-4b9c-5be3-98b0a69541b9" executionId="666cf70b-dafe-4ee6-b77b-8c12024d4bda" testListId="8c84fa94-04c1-424b-9868-57a2d4851a1d" />
    <TestEntry testId="ffc9f466-d821-2ecd-8c60-d979ac94a4e6" executionId="b1915346-b6b6-44ad-9bf1-f46d45f18820" testListId="8c84fa94-04c1-424b-9868-57a2d4851a1d" />
    <TestEntry testId="c5f0d781-73f0-8376-ad45-bfe81deff226" executionId="5ce0c6cf-1b36-4231-bf87-6eb7ca22a6b7" testListId="8c84fa94-04c1-424b-9868-57a2d4851a1d" />
    <TestEntry testId="bdda55b4-f151-dfa7-73ff-be1a9b9dbf7e" executionId="45db844b-0285-4f4b-b101-a992ccbf4ad9" testListId="8c84fa94-04c1-424b-9868-57a2d4851a1d" />
    <TestEntry testId="69f37849-7adb-fff2-c546-fb968aa6bb5d" executionId="5392d528-5701-41f7-befd-8108f711fc7f" testListId="8c84fa94-04c1-424b-9868-57a2d4851a1d" />
    <TestEntry testId="20205464-3eae-80e5-efb7-bf3454069d7e" executionId="0789c6b2-e67d-41b5-a44c-2fe59713aad4" testListId="8c84fa94-04c1-424b-9868-57a2d4851a1d" />
    <TestEntry testId="15245054-29a9-eddf-e31f-2f776d53f551" executionId="48cecb73-221e-49b6-9b10-ce48dc015f44" testListId="8c84fa94-04c1-424b-9868-57a2d4851a1d" />
    <TestEntry testId="9a376181-2400-cad7-cd07-e462f63b97a8" executionId="fa6f0839-afd4-4370-ba12-09e60f9d8e5a" testListId="8c84fa94-04c1-424b-9868-57a2d4851a1d" />
    <TestEntry testId="a02da341-e568-4e19-c4da-12b0422dbe3c" executionId="1c1f5d58-8844-469a-91e1-891c5fa8ff20" testListId="8c84fa94-04c1-424b-9868-57a2d4851a1d" />
    <TestEntry testId="7fa7cb9c-3794-8e53-a1bd-ab892421c2bd" executionId="255bd4ab-7856-4ae4-942a-357ccc99491f" testListId="8c84fa94-04c1-424b-9868-57a2d4851a1d" />
    <TestEntry testId="cc1ce9cd-4d5f-921b-95f8-63ffcc8ee1b0" executionId="82e02a09-3f27-447c-8308-0fb8a1a90cff" testListId="8c84fa94-04c1-424b-9868-57a2d4851a1d" />
    <TestEntry testId="02e8e382-a4be-33a8-dcf9-09deb4d0b143" executionId="19a13fee-e505-411a-9637-ad3516a12ed4" testListId="8c84fa94-04c1-424b-9868-57a2d4851a1d" />
    <TestEntry testId="edd4cf64-43e7-d94b-0f4d-e5bf8df5be8b" executionId="f024dd78-7fc5-497e-9a3a-15d66e82da60" testListId="8c84fa94-04c1-424b-9868-57a2d4851a1d" />
    <TestEntry testId="e59872e4-adcb-6ec9-d138-57608cafef26" executionId="29f5ea91-622e-4ae2-92b1-ba3bf0ccb184" testListId="8c84fa94-04c1-424b-9868-57a2d4851a1d" />
    <TestEntry testId="447cff29-4d3c-e239-4b18-1ea2df96f98d" executionId="5b6607cb-d04c-45d1-a560-9f57e404c072" testListId="8c84fa94-04c1-424b-9868-57a2d4851a1d" />
    <TestEntry testId="1b27769b-7431-3cb9-9715-fd8e81cfd81c" executionId="cb73a63a-2df8-4a57-95ae-ab07aef226e8" testListId="8c84fa94-04c1-424b-9868-57a2d4851a1d" />
    <TestEntry testId="f3e592dd-460e-aca5-4254-65c1d263cb7e" executionId="a25215f2-acc4-4d0b-a5fa-898e853dadbe" testListId="8c84fa94-04c1-424b-9868-57a2d4851a1d" />
    <TestEntry testId="96de49f1-c532-2496-8707-53205786697e" executionId="bba1d49d-5c3a-47f3-a2d0-7c9c908f5b37" testListId="8c84fa94-04c1-424b-9868-57a2d4851a1d" />
    <TestEntry testId="cbd7f6e4-d565-e3fe-c75d-a581cdbcae60" executionId="55b4cd33-5629-4e59-ae21-a3ef778867b4" testListId="8c84fa94-04c1-424b-9868-57a2d4851a1d" />
    <TestEntry testId="d7491999-116b-c1c2-a28d-3be3172ee74a" executionId="9f2d05d6-8549-4c7b-a42a-c506c9d8b176" testListId="8c84fa94-04c1-424b-9868-57a2d4851a1d" />
    <TestEntry testId="a62c53a4-d896-2835-87f9-1c0b10103453" executionId="4ad7ff22-c00e-4f7c-9a84-2921ab924350" testListId="8c84fa94-04c1-424b-9868-57a2d4851a1d" />
    <TestEntry testId="a5123e92-4760-cddc-7384-38ebd4094d4e" executionId="8092643d-3a1b-4849-b7b4-996de20aaeca" testListId="8c84fa94-04c1-424b-9868-57a2d4851a1d" />
    <TestEntry testId="d84c4ed7-aa00-991a-b236-e35ad954e141" executionId="58b9283c-ace0-40f9-a761-431583fc8de4" testListId="8c84fa94-04c1-424b-9868-57a2d4851a1d" />
    <TestEntry testId="0b2cc2e8-aeba-0b16-6fdb-f362a12164b6" executionId="a1db4f7d-9607-4b72-ab81-911887e59400" testListId="8c84fa94-04c1-424b-9868-57a2d4851a1d" />
    <TestEntry testId="b043c1f8-042d-927a-2424-171c31586964" executionId="9769da44-2dbd-4182-b57f-22ab216dac33" testListId="8c84fa94-04c1-424b-9868-57a2d4851a1d" />
    <TestEntry testId="e67d4a49-5f87-c556-4c27-ccafcfa407df" executionId="8e15448c-592c-494c-b98c-608c4d74685b" testListId="8c84fa94-04c1-424b-9868-57a2d4851a1d" />
    <TestEntry testId="b45a5a89-aac4-5034-451e-d9934f5c2e8e" executionId="e3b6ec04-1788-4305-a775-51ed7b631bc0" testListId="8c84fa94-04c1-424b-9868-57a2d4851a1d" />
    <TestEntry testId="df53a7bb-ea87-f17e-9604-3c776f9783fb" executionId="83fc38f5-14e2-4c8a-b3d0-2da9408b9635" testListId="8c84fa94-04c1-424b-9868-57a2d4851a1d" />
    <TestEntry testId="1abea686-da07-267d-67f9-11c1a0b4717d" executionId="09596f07-5fb1-4ed3-9105-58563a29b285" testListId="8c84fa94-04c1-424b-9868-57a2d4851a1d" />
    <TestEntry testId="866cf49e-398f-cc7b-6ad3-2e6b3b640e42" executionId="e32fc57b-90fd-493c-b84c-59f45a7da7cf" testListId="8c84fa94-04c1-424b-9868-57a2d4851a1d" />
    <TestEntry testId="c7e4c382-b36a-ce8d-cad3-a3e5f6f230c4" executionId="89560ecd-0424-4fb6-9ed7-5ea73a326b10" testListId="8c84fa94-04c1-424b-9868-57a2d4851a1d" />
    <TestEntry testId="62960485-9364-9e05-04db-98424743eb54" executionId="740c9f36-1781-45fe-860d-ed29491c36c5" testListId="8c84fa94-04c1-424b-9868-57a2d4851a1d" />
    <TestEntry testId="c46b7af2-10ab-954c-cbcd-60377b489580" executionId="8bdffb96-389f-45e1-baff-6b19663c2fea" testListId="8c84fa94-04c1-424b-9868-57a2d4851a1d" />
    <TestEntry testId="c51818e8-404b-912d-67cf-b055215bbe92" executionId="87c90fcc-3e88-42c6-a268-d2920b02b720" testListId="8c84fa94-04c1-424b-9868-57a2d4851a1d" />
    <TestEntry testId="32ca10d9-1963-f6f7-84b7-261d2626be9f" executionId="dfed555d-90e0-432c-8cc0-e8c3442c8f3d" testListId="8c84fa94-04c1-424b-9868-57a2d4851a1d" />
    <TestEntry testId="d0e82723-44d7-655b-4329-9032a58be8c1" executionId="63bd1d6c-5d66-429c-8855-b5f39aab9ce7" testListId="8c84fa94-04c1-424b-9868-57a2d4851a1d" />
    <TestEntry testId="ebcc1a1e-e7a2-f26c-5315-bc4b32067ed4" executionId="c1c57605-951c-45e5-864e-d6fad5c84258" testListId="8c84fa94-04c1-424b-9868-57a2d4851a1d" />
    <TestEntry testId="b0817a87-883d-fb90-260d-3b9f11e7b4d8" executionId="84483a25-db17-4ead-b8b7-2551bf9d13cf" testListId="8c84fa94-04c1-424b-9868-57a2d4851a1d" />
    <TestEntry testId="0fad6b23-4f5c-8af4-1c77-a4d5ee92c113" executionId="3c640e9c-f71f-4ae8-bd86-9204a09fa9e4" testListId="8c84fa94-04c1-424b-9868-57a2d4851a1d" />
    <TestEntry testId="529f1028-379d-3fb7-23ba-9ba0ae7ed434" executionId="b770daa7-48ae-4225-a652-a27c98613f66" testListId="8c84fa94-04c1-424b-9868-57a2d4851a1d" />
    <TestEntry testId="5ffb7eb8-301e-0db2-2ec3-a3cf9ce5674a" executionId="cd7aaa5d-64c3-4951-8e92-4cbc2f464a51" testListId="8c84fa94-04c1-424b-9868-57a2d4851a1d" />
    <TestEntry testId="13a73c42-9dec-ac1b-4df9-d378731d2542" executionId="5bcd660c-896a-44e7-9f45-7a3aa3ee4b1f" testListId="8c84fa94-04c1-424b-9868-57a2d4851a1d" />
    <TestEntry testId="44831821-dceb-8c32-ccaa-561cd360e1af" executionId="6218c05d-edfd-4b56-8e5c-2b3243905b26" testListId="8c84fa94-04c1-424b-9868-57a2d4851a1d" />
    <TestEntry testId="633cff6b-6e67-44c0-2fdc-f284857c659b" executionId="0c7283ec-a11c-4235-b45b-b5ffd453115e" testListId="8c84fa94-04c1-424b-9868-57a2d4851a1d" />
    <TestEntry testId="44f6ecae-0519-ea15-44a2-e985ca34e020" executionId="bb06d2aa-d93f-4ed3-8cbc-600888980b5c" testListId="8c84fa94-04c1-424b-9868-57a2d4851a1d" />
    <TestEntry testId="d4fa93ed-5c9f-b29f-d84f-8880ba2bf261" executionId="67dffb45-d2f3-4475-90ee-722371ed7c7c" testListId="8c84fa94-04c1-424b-9868-57a2d4851a1d" />
    <TestEntry testId="b5775a2a-5d36-885a-8c4f-76f182409605" executionId="b64c57c0-29ea-4aeb-a4c1-e83de358cdf1" testListId="8c84fa94-04c1-424b-9868-57a2d4851a1d" />
    <TestEntry testId="c8e08ef7-fb3b-8228-099a-fe98318ca35e" executionId="050ec059-ac2e-4409-b57c-83f565609515" testListId="8c84fa94-04c1-424b-9868-57a2d4851a1d" />
    <TestEntry testId="93b0342a-9654-1422-dd9c-26410358ec4e" executionId="12ce5320-a01e-407e-a883-2ab91b6277b6" testListId="8c84fa94-04c1-424b-9868-57a2d4851a1d" />
    <TestEntry testId="7f4b1f85-b013-6c8e-e401-a5ca10af2266" executionId="f26bd681-e855-4447-8a02-6a538bc4c375" testListId="8c84fa94-04c1-424b-9868-57a2d4851a1d" />
    <TestEntry testId="2a0cf26a-947f-7d8e-46cb-32693947b3cf" executionId="6651c59d-22d4-4e73-8176-81379077d5e2" testListId="8c84fa94-04c1-424b-9868-57a2d4851a1d" />
    <TestEntry testId="0e2cbda1-fa79-a457-9875-05ca34b76889" executionId="7cd98d6a-ac42-480a-9979-041fcc865ea9" testListId="8c84fa94-04c1-424b-9868-57a2d4851a1d" />
    <TestEntry testId="3261c935-7652-e97c-53b1-7c5b438af119" executionId="1ce483ac-a74d-4f46-ac85-868dea817974" testListId="8c84fa94-04c1-424b-9868-57a2d4851a1d" />
    <TestEntry testId="4092f00e-bb97-6172-b78c-1250f0643cd7" executionId="4062256e-7925-4365-b7b2-ab70b1b6f796" testListId="8c84fa94-04c1-424b-9868-57a2d4851a1d" />
    <TestEntry testId="caa03d3a-4e7f-4707-fd33-64aabf58b6ce" executionId="c4f869e6-e033-4a61-a9a6-ee1354d9f747" testListId="8c84fa94-04c1-424b-9868-57a2d4851a1d" />
    <TestEntry testId="b21fbd50-43c9-abe9-a13b-fb4450ac8caf" executionId="75b178c1-a36b-47af-beab-d10aee368250" testListId="8c84fa94-04c1-424b-9868-57a2d4851a1d" />
    <TestEntry testId="64bfe1b2-0bdc-1519-1431-64975bb20ce5" executionId="c8c41019-5de3-4869-9ce1-f75445700ad3" testListId="8c84fa94-04c1-424b-9868-57a2d4851a1d" />
    <TestEntry testId="73af86c0-57b5-3af4-085c-e7cc47e3d2fa" executionId="94c9fb16-c0b2-4bf5-a9d5-ffe83f9e79d8" testListId="8c84fa94-04c1-424b-9868-57a2d4851a1d" />
    <TestEntry testId="7c98c2c7-8f31-b0c0-3898-12d725d3e6c8" executionId="d095bebc-827b-4742-b371-0acf2f2b8ec7" testListId="8c84fa94-04c1-424b-9868-57a2d4851a1d" />
  </TestEntries>
  <TestLists>
    <TestList name="Ergebnisse nicht in einer Liste" id="8c84fa94-04c1-424b-9868-57a2d4851a1d" />
    <TestList name="Alle geladenen Ergebnisse" id="19431567-8539-422a-85d7-44ee4e166bda" />
  </TestLists>
  <ResultSummary outcome="Completed">
    <Counters total="149" executed="149" passed="149" failed="0" error="0" timeout="0" aborted="0" inconclusive="0" passedButRunAborted="0" notRunnable="0" notExecuted="0" disconnected="0" warning="0" completed="0" inProgress="0" pending="0" />
    <Output>
      <StdOut>[xUnit.net 00:00:00.00] xUnit.net VSTest Adapter v2.8.2+699d445a1a (64-bit .NET 10.0.7)
[xUnit.net 00:00:00.05]   Discovering: CoreForms.Ui.Tests
[xUnit.net 00:00:00.08]   Discovered:  CoreForms.Ui.Tests
[xUnit.net 00:00:00.08]   Starting:    CoreForms.Ui.Tests
[xUnit.net 00:00:00.18]   Finished:    CoreForms.Ui.Tests
</StdOut>
    </Output>
  </ResultSummary>
</TestRun>